<<<<<<< HEAD
This is pdfTeX, Version 3.14159265-2.6-1.40.18 (MiKTeX 2.9.6300) (preloaded format=pdflatex 2017.10.10)  18 OCT 2018 16:26
=======
This is pdfTeX, Version 3.14159265-2.6-1.40.18 (TeX Live 2017) (preloaded format=pdflatex 2018.4.23)  18 OCT 2018 16:23
>>>>>>> 207c71880f437d3b96a33d4b945778a0a970357d
entering extended mode
**./main.tex
(main.tex
LaTeX2e <2017-04-15>
Babel <3.9r> and hyphenation patterns for 75 language(s) loaded.
("C:\Program Files (x86)\MiKTeX 2.9\tex\latex\base\article.cls"
Document Class: article 2014/09/29 v1.4h Standard LaTeX document class
("C:\Program Files (x86)\MiKTeX 2.9\tex\latex\base\size10.clo"
File: size10.clo 2014/09/29 v1.4h Standard LaTeX file (size option)
)
\c@part=\count79
\c@section=\count80
\c@subsection=\count81
\c@subsubsection=\count82
\c@paragraph=\count83
\c@subparagraph=\count84
\c@figure=\count85
\c@table=\count86
\abovecaptionskip=\skip41
\belowcaptionskip=\skip42
\bibindent=\dimen102
)
("C:\Program Files (x86)\MiKTeX 2.9\tex\latex\base\inputenc.sty"
Package: inputenc 2015/03/17 v1.2c Input encoding file
\inpenc@prehook=\toks14
\inpenc@posthook=\toks15

("C:\Program Files (x86)\MiKTeX 2.9\tex\latex\base\utf8.def"
File: utf8.def 2017/01/28 v1.1t UTF-8 support for inputenc
Now handling font encoding OML ...
... no UTF-8 mapping file for font encoding OML
Now handling font encoding T1 ...
... processing UTF-8 mapping file for font encoding T1

("C:\Program Files (x86)\MiKTeX 2.9\tex\latex\base\t1enc.dfu"
File: t1enc.dfu 2017/01/28 v1.1t UTF-8 support for inputenc
   defining Unicode char U+00A0 (decimal 160)
   defining Unicode char U+00A1 (decimal 161)
   defining Unicode char U+00A3 (decimal 163)
   defining Unicode char U+00AB (decimal 171)
   defining Unicode char U+00AD (decimal 173)
   defining Unicode char U+00BB (decimal 187)
   defining Unicode char U+00BF (decimal 191)
   defining Unicode char U+00C0 (decimal 192)
   defining Unicode char U+00C1 (decimal 193)
   defining Unicode char U+00C2 (decimal 194)
   defining Unicode char U+00C3 (decimal 195)
   defining Unicode char U+00C4 (decimal 196)
   defining Unicode char U+00C5 (decimal 197)
   defining Unicode char U+00C6 (decimal 198)
   defining Unicode char U+00C7 (decimal 199)
   defining Unicode char U+00C8 (decimal 200)
   defining Unicode char U+00C9 (decimal 201)
   defining Unicode char U+00CA (decimal 202)
   defining Unicode char U+00CB (decimal 203)
   defining Unicode char U+00CC (decimal 204)
   defining Unicode char U+00CD (decimal 205)
   defining Unicode char U+00CE (decimal 206)
   defining Unicode char U+00CF (decimal 207)
   defining Unicode char U+00D0 (decimal 208)
   defining Unicode char U+00D1 (decimal 209)
   defining Unicode char U+00D2 (decimal 210)
   defining Unicode char U+00D3 (decimal 211)
   defining Unicode char U+00D4 (decimal 212)
   defining Unicode char U+00D5 (decimal 213)
   defining Unicode char U+00D6 (decimal 214)
   defining Unicode char U+00D8 (decimal 216)
   defining Unicode char U+00D9 (decimal 217)
   defining Unicode char U+00DA (decimal 218)
   defining Unicode char U+00DB (decimal 219)
   defining Unicode char U+00DC (decimal 220)
   defining Unicode char U+00DD (decimal 221)
   defining Unicode char U+00DE (decimal 222)
   defining Unicode char U+00DF (decimal 223)
   defining Unicode char U+00E0 (decimal 224)
   defining Unicode char U+00E1 (decimal 225)
   defining Unicode char U+00E2 (decimal 226)
   defining Unicode char U+00E3 (decimal 227)
   defining Unicode char U+00E4 (decimal 228)
   defining Unicode char U+00E5 (decimal 229)
   defining Unicode char U+00E6 (decimal 230)
   defining Unicode char U+00E7 (decimal 231)
   defining Unicode char U+00E8 (decimal 232)
   defining Unicode char U+00E9 (decimal 233)
   defining Unicode char U+00EA (decimal 234)
   defining Unicode char U+00EB (decimal 235)
   defining Unicode char U+00EC (decimal 236)
   defining Unicode char U+00ED (decimal 237)
   defining Unicode char U+00EE (decimal 238)
   defining Unicode char U+00EF (decimal 239)
   defining Unicode char U+00F0 (decimal 240)
   defining Unicode char U+00F1 (decimal 241)
   defining Unicode char U+00F2 (decimal 242)
   defining Unicode char U+00F3 (decimal 243)
   defining Unicode char U+00F4 (decimal 244)
   defining Unicode char U+00F5 (decimal 245)
   defining Unicode char U+00F6 (decimal 246)
   defining Unicode char U+00F8 (decimal 248)
   defining Unicode char U+00F9 (decimal 249)
   defining Unicode char U+00FA (decimal 250)
   defining Unicode char U+00FB (decimal 251)
   defining Unicode char U+00FC (decimal 252)
   defining Unicode char U+00FD (decimal 253)
   defining Unicode char U+00FE (decimal 254)
   defining Unicode char U+00FF (decimal 255)
   defining Unicode char U+0100 (decimal 256)
   defining Unicode char U+0101 (decimal 257)
   defining Unicode char U+0102 (decimal 258)
   defining Unicode char U+0103 (decimal 259)
   defining Unicode char U+0104 (decimal 260)
   defining Unicode char U+0105 (decimal 261)
   defining Unicode char U+0106 (decimal 262)
   defining Unicode char U+0107 (decimal 263)
   defining Unicode char U+0108 (decimal 264)
   defining Unicode char U+0109 (decimal 265)
   defining Unicode char U+010A (decimal 266)
   defining Unicode char U+010B (decimal 267)
   defining Unicode char U+010C (decimal 268)
   defining Unicode char U+010D (decimal 269)
   defining Unicode char U+010E (decimal 270)
   defining Unicode char U+010F (decimal 271)
   defining Unicode char U+0110 (decimal 272)
   defining Unicode char U+0111 (decimal 273)
   defining Unicode char U+0112 (decimal 274)
   defining Unicode char U+0113 (decimal 275)
   defining Unicode char U+0114 (decimal 276)
   defining Unicode char U+0115 (decimal 277)
   defining Unicode char U+0116 (decimal 278)
   defining Unicode char U+0117 (decimal 279)
   defining Unicode char U+0118 (decimal 280)
   defining Unicode char U+0119 (decimal 281)
   defining Unicode char U+011A (decimal 282)
   defining Unicode char U+011B (decimal 283)
   defining Unicode char U+011C (decimal 284)
   defining Unicode char U+011D (decimal 285)
   defining Unicode char U+011E (decimal 286)
   defining Unicode char U+011F (decimal 287)
   defining Unicode char U+0120 (decimal 288)
   defining Unicode char U+0121 (decimal 289)
   defining Unicode char U+0122 (decimal 290)
   defining Unicode char U+0123 (decimal 291)
   defining Unicode char U+0124 (decimal 292)
   defining Unicode char U+0125 (decimal 293)
   defining Unicode char U+0128 (decimal 296)
   defining Unicode char U+0129 (decimal 297)
   defining Unicode char U+012A (decimal 298)
   defining Unicode char U+012B (decimal 299)
   defining Unicode char U+012C (decimal 300)
   defining Unicode char U+012D (decimal 301)
   defining Unicode char U+012E (decimal 302)
   defining Unicode char U+012F (decimal 303)
   defining Unicode char U+0130 (decimal 304)
   defining Unicode char U+0131 (decimal 305)
   defining Unicode char U+0132 (decimal 306)
   defining Unicode char U+0133 (decimal 307)
   defining Unicode char U+0134 (decimal 308)
   defining Unicode char U+0135 (decimal 309)
   defining Unicode char U+0136 (decimal 310)
   defining Unicode char U+0137 (decimal 311)
   defining Unicode char U+0139 (decimal 313)
   defining Unicode char U+013A (decimal 314)
   defining Unicode char U+013B (decimal 315)
   defining Unicode char U+013C (decimal 316)
   defining Unicode char U+013D (decimal 317)
   defining Unicode char U+013E (decimal 318)
   defining Unicode char U+0141 (decimal 321)
   defining Unicode char U+0142 (decimal 322)
   defining Unicode char U+0143 (decimal 323)
   defining Unicode char U+0144 (decimal 324)
   defining Unicode char U+0145 (decimal 325)
   defining Unicode char U+0146 (decimal 326)
   defining Unicode char U+0147 (decimal 327)
   defining Unicode char U+0148 (decimal 328)
   defining Unicode char U+014A (decimal 330)
   defining Unicode char U+014B (decimal 331)
   defining Unicode char U+014C (decimal 332)
   defining Unicode char U+014D (decimal 333)
   defining Unicode char U+014E (decimal 334)
   defining Unicode char U+014F (decimal 335)
   defining Unicode char U+0150 (decimal 336)
   defining Unicode char U+0151 (decimal 337)
   defining Unicode char U+0152 (decimal 338)
   defining Unicode char U+0153 (decimal 339)
   defining Unicode char U+0154 (decimal 340)
   defining Unicode char U+0155 (decimal 341)
   defining Unicode char U+0156 (decimal 342)
   defining Unicode char U+0157 (decimal 343)
   defining Unicode char U+0158 (decimal 344)
   defining Unicode char U+0159 (decimal 345)
   defining Unicode char U+015A (decimal 346)
   defining Unicode char U+015B (decimal 347)
   defining Unicode char U+015C (decimal 348)
   defining Unicode char U+015D (decimal 349)
   defining Unicode char U+015E (decimal 350)
   defining Unicode char U+015F (decimal 351)
   defining Unicode char U+0160 (decimal 352)
   defining Unicode char U+0161 (decimal 353)
   defining Unicode char U+0162 (decimal 354)
   defining Unicode char U+0163 (decimal 355)
   defining Unicode char U+0164 (decimal 356)
   defining Unicode char U+0165 (decimal 357)
   defining Unicode char U+0168 (decimal 360)
   defining Unicode char U+0169 (decimal 361)
   defining Unicode char U+016A (decimal 362)
   defining Unicode char U+016B (decimal 363)
   defining Unicode char U+016C (decimal 364)
   defining Unicode char U+016D (decimal 365)
   defining Unicode char U+016E (decimal 366)
   defining Unicode char U+016F (decimal 367)
   defining Unicode char U+0170 (decimal 368)
   defining Unicode char U+0171 (decimal 369)
   defining Unicode char U+0172 (decimal 370)
   defining Unicode char U+0173 (decimal 371)
   defining Unicode char U+0174 (decimal 372)
   defining Unicode char U+0175 (decimal 373)
   defining Unicode char U+0176 (decimal 374)
   defining Unicode char U+0177 (decimal 375)
   defining Unicode char U+0178 (decimal 376)
   defining Unicode char U+0179 (decimal 377)
   defining Unicode char U+017A (decimal 378)
   defining Unicode char U+017B (decimal 379)
   defining Unicode char U+017C (decimal 380)
   defining Unicode char U+017D (decimal 381)
   defining Unicode char U+017E (decimal 382)
   defining Unicode char U+01CD (decimal 461)
   defining Unicode char U+01CE (decimal 462)
   defining Unicode char U+01CF (decimal 463)
   defining Unicode char U+01D0 (decimal 464)
   defining Unicode char U+01D1 (decimal 465)
   defining Unicode char U+01D2 (decimal 466)
   defining Unicode char U+01D3 (decimal 467)
   defining Unicode char U+01D4 (decimal 468)
   defining Unicode char U+01E2 (decimal 482)
   defining Unicode char U+01E3 (decimal 483)
   defining Unicode char U+01E6 (decimal 486)
   defining Unicode char U+01E7 (decimal 487)
   defining Unicode char U+01E8 (decimal 488)
   defining Unicode char U+01E9 (decimal 489)
   defining Unicode char U+01EA (decimal 490)
   defining Unicode char U+01EB (decimal 491)
   defining Unicode char U+01F0 (decimal 496)
   defining Unicode char U+01F4 (decimal 500)
   defining Unicode char U+01F5 (decimal 501)
   defining Unicode char U+0218 (decimal 536)
   defining Unicode char U+0219 (decimal 537)
   defining Unicode char U+021A (decimal 538)
   defining Unicode char U+021B (decimal 539)
   defining Unicode char U+0232 (decimal 562)
   defining Unicode char U+0233 (decimal 563)
   defining Unicode char U+1E02 (decimal 7682)
   defining Unicode char U+1E03 (decimal 7683)
   defining Unicode char U+200C (decimal 8204)
   defining Unicode char U+2010 (decimal 8208)
   defining Unicode char U+2011 (decimal 8209)
   defining Unicode char U+2012 (decimal 8210)
   defining Unicode char U+2013 (decimal 8211)
   defining Unicode char U+2014 (decimal 8212)
   defining Unicode char U+2015 (decimal 8213)
   defining Unicode char U+2018 (decimal 8216)
   defining Unicode char U+2019 (decimal 8217)
   defining Unicode char U+201A (decimal 8218)
   defining Unicode char U+201C (decimal 8220)
   defining Unicode char U+201D (decimal 8221)
   defining Unicode char U+201E (decimal 8222)
   defining Unicode char U+2030 (decimal 8240)
   defining Unicode char U+2031 (decimal 8241)
   defining Unicode char U+2039 (decimal 8249)
   defining Unicode char U+203A (decimal 8250)
   defining Unicode char U+2423 (decimal 9251)
   defining Unicode char U+1E20 (decimal 7712)
   defining Unicode char U+1E21 (decimal 7713)
)
Now handling font encoding OT1 ...
... processing UTF-8 mapping file for font encoding OT1

("C:\Program Files (x86)\MiKTeX 2.9\tex\latex\base\ot1enc.dfu"
File: ot1enc.dfu 2017/01/28 v1.1t UTF-8 support for inputenc
   defining Unicode char U+00A0 (decimal 160)
   defining Unicode char U+00A1 (decimal 161)
   defining Unicode char U+00A3 (decimal 163)
   defining Unicode char U+00AD (decimal 173)
   defining Unicode char U+00B8 (decimal 184)
   defining Unicode char U+00BF (decimal 191)
   defining Unicode char U+00C5 (decimal 197)
   defining Unicode char U+00C6 (decimal 198)
   defining Unicode char U+00D8 (decimal 216)
   defining Unicode char U+00DF (decimal 223)
   defining Unicode char U+00E6 (decimal 230)
   defining Unicode char U+00EC (decimal 236)
   defining Unicode char U+00ED (decimal 237)
   defining Unicode char U+00EE (decimal 238)
   defining Unicode char U+00EF (decimal 239)
   defining Unicode char U+00F8 (decimal 248)
   defining Unicode char U+0131 (decimal 305)
   defining Unicode char U+0141 (decimal 321)
   defining Unicode char U+0142 (decimal 322)
   defining Unicode char U+0152 (decimal 338)
   defining Unicode char U+0153 (decimal 339)
   defining Unicode char U+0174 (decimal 372)
   defining Unicode char U+0175 (decimal 373)
   defining Unicode char U+0176 (decimal 374)
   defining Unicode char U+0177 (decimal 375)
   defining Unicode char U+0218 (decimal 536)
   defining Unicode char U+0219 (decimal 537)
   defining Unicode char U+021A (decimal 538)
   defining Unicode char U+021B (decimal 539)
   defining Unicode char U+2013 (decimal 8211)
   defining Unicode char U+2014 (decimal 8212)
   defining Unicode char U+2018 (decimal 8216)
   defining Unicode char U+2019 (decimal 8217)
   defining Unicode char U+201C (decimal 8220)
   defining Unicode char U+201D (decimal 8221)
)
Now handling font encoding OMS ...
... processing UTF-8 mapping file for font encoding OMS

("C:\Program Files (x86)\MiKTeX 2.9\tex\latex\base\omsenc.dfu"
File: omsenc.dfu 2017/01/28 v1.1t UTF-8 support for inputenc
   defining Unicode char U+00A7 (decimal 167)
   defining Unicode char U+00B6 (decimal 182)
   defining Unicode char U+00B7 (decimal 183)
   defining Unicode char U+2020 (decimal 8224)
   defining Unicode char U+2021 (decimal 8225)
   defining Unicode char U+2022 (decimal 8226)
)
Now handling font encoding OMX ...
... no UTF-8 mapping file for font encoding OMX
Now handling font encoding U ...
... no UTF-8 mapping file for font encoding U
   defining Unicode char U+00A9 (decimal 169)
   defining Unicode char U+00AA (decimal 170)
   defining Unicode char U+00AE (decimal 174)
   defining Unicode char U+00BA (decimal 186)
   defining Unicode char U+02C6 (decimal 710)
   defining Unicode char U+02DC (decimal 732)
   defining Unicode char U+200C (decimal 8204)
   defining Unicode char U+2026 (decimal 8230)
   defining Unicode char U+2122 (decimal 8482)
   defining Unicode char U+2423 (decimal 9251)
))
("C:\Program Files (x86)\MiKTeX 2.9\tex\generic\babel\babel.sty"
Package: babel 2016/04/23 3.9r The Babel package

*************************************
* Local config file bblopts.cfg used
*
("C:\Program Files (x86)\MiKTeX 2.9\tex\latex\arabi\bblopts.cfg"
File: bblopts.cfg 2005/09/08 v0.1 add Arabic and Farsi to "declared" options of
 babel
)
("C:\Program Files (x86)\MiKTeX 2.9\tex\latex\babel-spanish\spanish.ldf"
Language: spanish.ldf 2016/03/03 v5.0p Spanish support from the babel system

("C:\Program Files (x86)\MiKTeX 2.9\tex\generic\babel\babel.def"
File: babel.def 2016/04/23 3.9r Babel common definitions
\babel@savecnt=\count87
\U@D=\dimen103
)
\es@quottoks=\toks16
\es@quotdepth=\count88
Package babel Info: Making " an active character on input line 561.
Package babel Info: Making . an active character on input line 662.
Package babel Info: Making < an active character on input line 707.
Package babel Info: Making > an active character on input line 707.
))
("C:\Program Files (x86)\MiKTeX 2.9\tex\latex\amsmath\amsmath.sty"
Package: amsmath 2016/11/05 v2.16a AMS math features
\@mathmargin=\skip43

For additional information on amsmath, use the `?' option.
("C:\Program Files (x86)\MiKTeX 2.9\tex\latex\amsmath\amstext.sty"
Package: amstext 2000/06/29 v2.01 AMS text

("C:\Program Files (x86)\MiKTeX 2.9\tex\latex\amsmath\amsgen.sty"
File: amsgen.sty 1999/11/30 v2.0 generic functions
\@emptytoks=\toks17
\ex@=\dimen104
))
("C:\Program Files (x86)\MiKTeX 2.9\tex\latex\amsmath\amsbsy.sty"
Package: amsbsy 1999/11/29 v1.2d Bold Symbols
\pmbraise@=\dimen105
)
("C:\Program Files (x86)\MiKTeX 2.9\tex\latex\amsmath\amsopn.sty"
Package: amsopn 2016/03/08 v2.02 operator names
)
\inf@bad=\count89
LaTeX Info: Redefining \frac on input line 213.
\uproot@=\count90
\leftroot@=\count91
LaTeX Info: Redefining \overline on input line 375.
\classnum@=\count92
\DOTSCASE@=\count93
LaTeX Info: Redefining \ldots on input line 472.
LaTeX Info: Redefining \dots on input line 475.
LaTeX Info: Redefining \cdots on input line 596.
\Mathstrutbox@=\box26
\strutbox@=\box27
\big@size=\dimen106
LaTeX Font Info:    Redeclaring font encoding OML on input line 712.
LaTeX Font Info:    Redeclaring font encoding OMS on input line 713.
\macc@depth=\count94
\c@MaxMatrixCols=\count95
\dotsspace@=\muskip10
\c@parentequation=\count96
\dspbrk@lvl=\count97
\tag@help=\toks18
\row@=\count98
\column@=\count99
\maxfields@=\count100
\andhelp@=\toks19
\eqnshift@=\dimen107
\alignsep@=\dimen108
\tagshift@=\dimen109
\tagwidth@=\dimen110
\totwidth@=\dimen111
\lineht@=\dimen112
\@envbody=\toks20
\multlinegap=\skip44
\multlinetaggap=\skip45
\mathdisplay@stack=\toks21
LaTeX Info: Redefining \[ on input line 2817.
LaTeX Info: Redefining \] on input line 2818.
)
("C:\Program Files (x86)\MiKTeX 2.9\tex\latex\amsfonts\amsfonts.sty"
Package: amsfonts 2013/01/14 v3.01 Basic AMSFonts support
\symAMSa=\mathgroup4
\symAMSb=\mathgroup5
LaTeX Font Info:    Overwriting math alphabet `\mathfrak' in version `bold'
(Font)                  U/euf/m/n --> U/euf/b/n on input line 106.
)
("C:\Program Files (x86)\MiKTeX 2.9\tex\latex\amsfonts\amssymb.sty"
Package: amssymb 2013/01/14 v3.01 AMS font symbols
)
("C:\Program Files (x86)\MiKTeX 2.9\tex\latex\graphics\graphicx.sty"
Package: graphicx 2014/10/28 v1.0g Enhanced LaTeX Graphics (DPC,SPQR)

("C:\Program Files (x86)\MiKTeX 2.9\tex\latex\graphics\keyval.sty"
Package: keyval 2014/10/28 v1.15 key=value parser (DPC)
\KV@toks@=\toks22
)
("C:\Program Files (x86)\MiKTeX 2.9\tex\latex\graphics\graphics.sty"
Package: graphics 2017/04/14 v1.1b Standard LaTeX Graphics (DPC,SPQR)

("C:\Program Files (x86)\MiKTeX 2.9\tex\latex\graphics\trig.sty"
Package: trig 2016/01/03 v1.10 sin cos tan (DPC)
)
("C:\Program Files (x86)\MiKTeX 2.9\tex\latex\graphics-cfg\graphics.cfg"
File: graphics.cfg 2016/06/04 v1.11 sample graphics configuration
)
Package graphics Info: Driver file: pdftex.def on input line 99.

("C:\Program Files (x86)\MiKTeX 2.9\tex\latex\graphics-def\pdftex.def"
File: pdftex.def 2017/01/12 v0.06k Graphics/color for pdfTeX

("C:\Program Files (x86)\MiKTeX 2.9\tex\generic\oberdiek\infwarerr.sty"
Package: infwarerr 2016/05/16 v1.4 Providing info/warning/error messages (HO)
)
("C:\Program Files (x86)\MiKTeX 2.9\tex\generic\oberdiek\ltxcmds.sty"
Package: ltxcmds 2016/05/16 v1.23 LaTeX kernel commands for general use (HO)
)
\Gread@gobject=\count101
))
\Gin@req@height=\dimen113
\Gin@req@width=\dimen114
)
("C:\Program Files (x86)\MiKTeX 2.9\tex\latex\float\float.sty"
Package: float 2001/11/08 v1.3d Float enhancements (AL)
\c@float@type=\count102
\float@exts=\toks23
\float@box=\box28
\@float@everytoks=\toks24
\@floatcapt=\box29
)
("C:\Program Files (x86)\MiKTeX 2.9\tex\latex\geometry\geometry.sty"
Package: geometry 2010/09/12 v5.6 Page Geometry

("C:\Program Files (x86)\MiKTeX 2.9\tex\generic\oberdiek\ifpdf.sty"
Package: ifpdf 2017/03/15 v3.2 Provides the ifpdf switch
)
("C:\Program Files (x86)\MiKTeX 2.9\tex\generic\oberdiek\ifvtex.sty"
Package: ifvtex 2016/05/16 v1.6 Detect VTeX and its facilities (HO)
Package ifvtex Info: VTeX not detected.
)
("C:\Program Files (x86)\MiKTeX 2.9\tex\generic\ifxetex\ifxetex.sty"
Package: ifxetex 2010/09/12 v0.6 Provides ifxetex conditional
)
\Gm@cnth=\count103
\Gm@cntv=\count104
\c@Gm@tempcnt=\count105
\Gm@bindingoffset=\dimen115
\Gm@wd@mp=\dimen116
\Gm@odd@mp=\dimen117
\Gm@even@mp=\dimen118
\Gm@layoutwidth=\dimen119
\Gm@layoutheight=\dimen120
\Gm@layouthoffset=\dimen121
\Gm@layoutvoffset=\dimen122
\Gm@dimlist=\toks25

("C:\Program Files (x86)\MiKTeX 2.9\tex\latex\geometry\geometry.cfg"))
("C:\Program Files (x86)\MiKTeX 2.9\tex\latex\circuitikz\circuitikz.sty"
Package: circuitikz 2017/05/28{} The CircuiTikz circuit drawing package version
 0.8.3

("C:\Program Files (x86)\MiKTeX 2.9\tex\latex\pgf\frontendlayer\tikz.sty"
("C:\Program Files (x86)\MiKTeX 2.9\tex\latex\pgf\basiclayer\pgf.sty"
("C:\Program Files (x86)\MiKTeX 2.9\tex\latex\pgf\utilities\pgfrcs.sty"
("C:\Program Files (x86)\MiKTeX 2.9\tex\generic\pgf\utilities\pgfutil-common.te
x"
\pgfutil@everybye=\toks26
\pgfutil@tempdima=\dimen123
\pgfutil@tempdimb=\dimen124

("C:\Program Files (x86)\MiKTeX 2.9\tex\generic\pgf\utilities\pgfutil-common-li
sts.tex"))
("C:\Program Files (x86)\MiKTeX 2.9\tex\generic\pgf\utilities\pgfutil-latex.def
"
\pgfutil@abb=\box30
 ("C:\Program Files (x86)\MiKTeX 2.9\tex\latex\ms\everyshi.sty"
Package: everyshi 2001/05/15 v3.00 EveryShipout Package (MS)
))
("C:\Program Files (x86)\MiKTeX 2.9\tex\generic\pgf\utilities\pgfrcs.code.tex"
Package: pgfrcs 2015/08/07 v3.0.1a (rcs-revision 1.31)
))
Package: pgf 2015/08/07 v3.0.1a (rcs-revision 1.15)
 ("C:\Program Files (x86)\MiKTeX 2.9\tex\latex\pgf\basiclayer\pgfcore.sty"
("C:\Program Files (x86)\MiKTeX 2.9\tex\latex\pgf\systemlayer\pgfsys.sty"
("C:\Program Files (x86)\MiKTeX 2.9\tex\generic\pgf\systemlayer\pgfsys.code.tex
"
Package: pgfsys 2014/07/09 v3.0.1a (rcs-revision 1.48)
 ("C:\Program Files (x86)\MiKTeX 2.9\tex\generic\pgf\utilities\pgfkeys.code.tex
"
\pgfkeys@pathtoks=\toks27
\pgfkeys@temptoks=\toks28

("C:\Program Files (x86)\MiKTeX 2.9\tex\generic\pgf\utilities\pgfkeysfiltered.c
ode.tex"
\pgfkeys@tmptoks=\toks29
))
\pgf@x=\dimen125
\pgf@y=\dimen126
\pgf@xa=\dimen127
\pgf@ya=\dimen128
\pgf@xb=\dimen129
\pgf@yb=\dimen130
\pgf@xc=\dimen131
\pgf@yc=\dimen132
\w@pgf@writea=\write3
\r@pgf@reada=\read1
\c@pgf@counta=\count106
\c@pgf@countb=\count107
\c@pgf@countc=\count108
\c@pgf@countd=\count109
\t@pgf@toka=\toks30
\t@pgf@tokb=\toks31
\t@pgf@tokc=\toks32

("C:\Program Files (x86)\MiKTeX 2.9\tex\generic\pgf\systemlayer\pgf.cfg"
File: pgf.cfg 2008/05/14  (rcs-revision 1.7)
)
Driver file for pgf: pgfsys-pdftex.def

("C:\Program Files (x86)\MiKTeX 2.9\tex\generic\pgf\systemlayer\pgfsys-pdftex.d
ef"
File: pgfsys-pdftex.def 2014/10/11  (rcs-revision 1.35)

("C:\Program Files (x86)\MiKTeX 2.9\tex\generic\pgf\systemlayer\pgfsys-common-p
df.def"
File: pgfsys-common-pdf.def 2013/10/10  (rcs-revision 1.13)
)))
("C:\Program Files (x86)\MiKTeX 2.9\tex\generic\pgf\systemlayer\pgfsyssoftpath.
code.tex"
File: pgfsyssoftpath.code.tex 2013/09/09  (rcs-revision 1.9)
\pgfsyssoftpath@smallbuffer@items=\count110
\pgfsyssoftpath@bigbuffer@items=\count111
)
("C:\Program Files (x86)\MiKTeX 2.9\tex\generic\pgf\systemlayer\pgfsysprotocol.
code.tex"
File: pgfsysprotocol.code.tex 2006/10/16  (rcs-revision 1.4)
)) ("C:\Program Files (x86)\MiKTeX 2.9\tex\latex\xcolor\xcolor.sty"
Package: xcolor 2016/05/11 v2.12 LaTeX color extensions (UK)

("C:\Program Files (x86)\MiKTeX 2.9\tex\latex\graphics-cfg\color.cfg"
File: color.cfg 2016/01/02 v1.6 sample color configuration
)
Package xcolor Info: Driver file: pdftex.def on input line 225.
Package xcolor Info: Model `cmy' substituted by `cmy0' on input line 1348.
Package xcolor Info: Model `hsb' substituted by `rgb' on input line 1352.
Package xcolor Info: Model `RGB' extended on input line 1364.
Package xcolor Info: Model `HTML' substituted by `rgb' on input line 1366.
Package xcolor Info: Model `Hsb' substituted by `hsb' on input line 1367.
Package xcolor Info: Model `tHsb' substituted by `hsb' on input line 1368.
Package xcolor Info: Model `HSB' substituted by `hsb' on input line 1369.
Package xcolor Info: Model `Gray' substituted by `gray' on input line 1370.
Package xcolor Info: Model `wave' substituted by `hsb' on input line 1371.
)
("C:\Program Files (x86)\MiKTeX 2.9\tex\generic\pgf\basiclayer\pgfcore.code.tex
"
Package: pgfcore 2010/04/11 v3.0.1a (rcs-revision 1.7)
 ("C:\Program Files (x86)\MiKTeX 2.9\tex\generic\pgf\math\pgfmath.code.tex"
("C:\Program Files (x86)\MiKTeX 2.9\tex\generic\pgf\math\pgfmathcalc.code.tex"
("C:\Program Files (x86)\MiKTeX 2.9\tex\generic\pgf\math\pgfmathutil.code.tex")
("C:\Program Files (x86)\MiKTeX 2.9\tex\generic\pgf\math\pgfmathparser.code.tex
"
\pgfmath@dimen=\dimen133
\pgfmath@count=\count112
\pgfmath@box=\box31
\pgfmath@toks=\toks33
\pgfmath@stack@operand=\toks34
\pgfmath@stack@operation=\toks35
)
("C:\Program Files (x86)\MiKTeX 2.9\tex\generic\pgf\math\pgfmathfunctions.code.
tex"
("C:\Program Files (x86)\MiKTeX 2.9\tex\generic\pgf\math\pgfmathfunctions.basic
.code.tex")
("C:\Program Files (x86)\MiKTeX 2.9\tex\generic\pgf\math\pgfmathfunctions.trigo
nometric.code.tex")
("C:\Program Files (x86)\MiKTeX 2.9\tex\generic\pgf\math\pgfmathfunctions.rando
m.code.tex")
("C:\Program Files (x86)\MiKTeX 2.9\tex\generic\pgf\math\pgfmathfunctions.compa
rison.code.tex")
("C:\Program Files (x86)\MiKTeX 2.9\tex\generic\pgf\math\pgfmathfunctions.base.
code.tex")
("C:\Program Files (x86)\MiKTeX 2.9\tex\generic\pgf\math\pgfmathfunctions.round
.code.tex")
("C:\Program Files (x86)\MiKTeX 2.9\tex\generic\pgf\math\pgfmathfunctions.misc.
code.tex")
("C:\Program Files (x86)\MiKTeX 2.9\tex\generic\pgf\math\pgfmathfunctions.integ
erarithmetics.code.tex")))
("C:\Program Files (x86)\MiKTeX 2.9\tex\generic\pgf\math\pgfmathfloat.code.tex"
\c@pgfmathroundto@lastzeros=\count113
))
("C:\Program Files (x86)\MiKTeX 2.9\tex\generic\pgf\basiclayer\pgfcorepoints.co
de.tex"
File: pgfcorepoints.code.tex 2013/10/07  (rcs-revision 1.27)
\pgf@picminx=\dimen134
\pgf@picmaxx=\dimen135
\pgf@picminy=\dimen136
\pgf@picmaxy=\dimen137
\pgf@pathminx=\dimen138
\pgf@pathmaxx=\dimen139
\pgf@pathminy=\dimen140
\pgf@pathmaxy=\dimen141
\pgf@xx=\dimen142
\pgf@xy=\dimen143
\pgf@yx=\dimen144
\pgf@yy=\dimen145
\pgf@zx=\dimen146
\pgf@zy=\dimen147
)
("C:\Program Files (x86)\MiKTeX 2.9\tex\generic\pgf\basiclayer\pgfcorepathconst
ruct.code.tex"
File: pgfcorepathconstruct.code.tex 2013/10/07  (rcs-revision 1.29)
\pgf@path@lastx=\dimen148
\pgf@path@lasty=\dimen149
)
("C:\Program Files (x86)\MiKTeX 2.9\tex\generic\pgf\basiclayer\pgfcorepathusage
.code.tex"
File: pgfcorepathusage.code.tex 2014/11/02  (rcs-revision 1.24)
\pgf@shorten@end@additional=\dimen150
\pgf@shorten@start@additional=\dimen151
)
("C:\Program Files (x86)\MiKTeX 2.9\tex\generic\pgf\basiclayer\pgfcorescopes.co
de.tex"
File: pgfcorescopes.code.tex 2015/05/08  (rcs-revision 1.46)
\pgfpic=\box32
\pgf@hbox=\box33
\pgf@layerbox@main=\box34
\pgf@picture@serial@count=\count114
)
("C:\Program Files (x86)\MiKTeX 2.9\tex\generic\pgf\basiclayer\pgfcoregraphicst
ate.code.tex"
File: pgfcoregraphicstate.code.tex 2014/11/02  (rcs-revision 1.12)
\pgflinewidth=\dimen152
)
("C:\Program Files (x86)\MiKTeX 2.9\tex\generic\pgf\basiclayer\pgfcoretransform
ations.code.tex"
File: pgfcoretransformations.code.tex 2015/08/07  (rcs-revision 1.20)
\pgf@pt@x=\dimen153
\pgf@pt@y=\dimen154
\pgf@pt@temp=\dimen155
)
("C:\Program Files (x86)\MiKTeX 2.9\tex\generic\pgf\basiclayer\pgfcorequick.cod
e.tex"
File: pgfcorequick.code.tex 2008/10/09  (rcs-revision 1.3)
)
("C:\Program Files (x86)\MiKTeX 2.9\tex\generic\pgf\basiclayer\pgfcoreobjects.c
ode.tex"
File: pgfcoreobjects.code.tex 2006/10/11  (rcs-revision 1.2)
)
("C:\Program Files (x86)\MiKTeX 2.9\tex\generic\pgf\basiclayer\pgfcorepathproce
ssing.code.tex"
File: pgfcorepathprocessing.code.tex 2013/09/09  (rcs-revision 1.9)
)
("C:\Program Files (x86)\MiKTeX 2.9\tex\generic\pgf\basiclayer\pgfcorearrows.co
de.tex"
File: pgfcorearrows.code.tex 2015/05/14  (rcs-revision 1.43)
\pgfarrowsep=\dimen156
)
("C:\Program Files (x86)\MiKTeX 2.9\tex\generic\pgf\basiclayer\pgfcoreshade.cod
e.tex"
File: pgfcoreshade.code.tex 2013/07/15  (rcs-revision 1.15)
\pgf@max=\dimen157
\pgf@sys@shading@range@num=\count115
)
("C:\Program Files (x86)\MiKTeX 2.9\tex\generic\pgf\basiclayer\pgfcoreimage.cod
e.tex"
File: pgfcoreimage.code.tex 2013/07/15  (rcs-revision 1.18)

("C:\Program Files (x86)\MiKTeX 2.9\tex\generic\pgf\basiclayer\pgfcoreexternal.
code.tex"
File: pgfcoreexternal.code.tex 2014/07/09  (rcs-revision 1.21)
\pgfexternal@startupbox=\box35
))
("C:\Program Files (x86)\MiKTeX 2.9\tex\generic\pgf\basiclayer\pgfcorelayers.co
de.tex"
File: pgfcorelayers.code.tex 2013/07/18  (rcs-revision 1.7)
)
("C:\Program Files (x86)\MiKTeX 2.9\tex\generic\pgf\basiclayer\pgfcoretranspare
ncy.code.tex"
File: pgfcoretransparency.code.tex 2013/09/30  (rcs-revision 1.5)
)
("C:\Program Files (x86)\MiKTeX 2.9\tex\generic\pgf\basiclayer\pgfcorepatterns.
code.tex"
File: pgfcorepatterns.code.tex 2013/11/07  (rcs-revision 1.5)
)))
("C:\Program Files (x86)\MiKTeX 2.9\tex\generic\pgf\modules\pgfmoduleshapes.cod
e.tex"
File: pgfmoduleshapes.code.tex 2014/03/21  (rcs-revision 1.35)
\pgfnodeparttextbox=\box36
)
("C:\Program Files (x86)\MiKTeX 2.9\tex\generic\pgf\modules\pgfmoduleplot.code.
tex"
File: pgfmoduleplot.code.tex 2015/08/03  (rcs-revision 1.13)
)
("C:\Program Files (x86)\MiKTeX 2.9\tex\latex\pgf\compatibility\pgfcomp-version
-0-65.sty"
Package: pgfcomp-version-0-65 2007/07/03 v3.0.1a (rcs-revision 1.7)
\pgf@nodesepstart=\dimen158
\pgf@nodesepend=\dimen159
)
("C:\Program Files (x86)\MiKTeX 2.9\tex\latex\pgf\compatibility\pgfcomp-version
-1-18.sty"
Package: pgfcomp-version-1-18 2007/07/23 v3.0.1a (rcs-revision 1.1)
))
("C:\Program Files (x86)\MiKTeX 2.9\tex\latex\pgf\utilities\pgffor.sty"
("C:\Program Files (x86)\MiKTeX 2.9\tex\latex\pgf\utilities\pgfkeys.sty"
("C:\Program Files (x86)\MiKTeX 2.9\tex\generic\pgf\utilities\pgfkeys.code.tex"
)) ("C:\Program Files (x86)\MiKTeX 2.9\tex\latex\pgf\math\pgfmath.sty"
("C:\Program Files (x86)\MiKTeX 2.9\tex\generic\pgf\math\pgfmath.code.tex"))
("C:\Program Files (x86)\MiKTeX 2.9\tex\generic\pgf\utilities\pgffor.code.tex"
Package: pgffor 2013/12/13 v3.0.1a (rcs-revision 1.25)

("C:\Program Files (x86)\MiKTeX 2.9\tex\generic\pgf\math\pgfmath.code.tex")
\pgffor@iter=\dimen160
\pgffor@skip=\dimen161
\pgffor@stack=\toks36
\pgffor@toks=\toks37
))
("C:\Program Files (x86)\MiKTeX 2.9\tex\generic\pgf\frontendlayer\tikz\tikz.cod
e.tex"
Package: tikz 2015/08/07 v3.0.1a (rcs-revision 1.151)

("C:\Program Files (x86)\MiKTeX 2.9\tex\generic\pgf\libraries\pgflibraryplothan
dlers.code.tex"
File: pgflibraryplothandlers.code.tex 2013/08/31 v3.0.1a (rcs-revision 1.20)
\pgf@plot@mark@count=\count116
\pgfplotmarksize=\dimen162
)
\tikz@lastx=\dimen163
\tikz@lasty=\dimen164
\tikz@lastxsaved=\dimen165
\tikz@lastysaved=\dimen166
\tikzleveldistance=\dimen167
\tikzsiblingdistance=\dimen168
\tikz@figbox=\box37
\tikz@figbox@bg=\box38
\tikz@tempbox=\box39
\tikz@tempbox@bg=\box40
\tikztreelevel=\count117
\tikznumberofchildren=\count118
\tikznumberofcurrentchild=\count119
\tikz@fig@count=\count120

("C:\Program Files (x86)\MiKTeX 2.9\tex\generic\pgf\modules\pgfmodulematrix.cod
e.tex"
File: pgfmodulematrix.code.tex 2013/09/17  (rcs-revision 1.8)
\pgfmatrixcurrentrow=\count121
\pgfmatrixcurrentcolumn=\count122
\pgf@matrix@numberofcolumns=\count123
)
\tikz@expandcount=\count124

("C:\Program Files (x86)\MiKTeX 2.9\tex\generic\pgf\frontendlayer\tikz\librarie
s\tikzlibrarytopaths.code.tex"
File: tikzlibrarytopaths.code.tex 2008/06/17 v3.0.1a (rcs-revision 1.2)
)))
("C:\Program Files (x86)\MiKTeX 2.9\tex\generic\pgf\frontendlayer\tikz\librarie
s\tikzlibrarycalc.code.tex"
File: tikzlibrarycalc.code.tex 2013/07/15 v3.0.1a (rcs-revision 1.9)
)
("C:\Program Files (x86)\MiKTeX 2.9\tex\generic\pgf\libraries\pgflibraryarrows.
code.tex"
File: pgflibraryarrows.code.tex 2013/09/23 v3.0.1a (rcs-revision 1.16)
\arrowsize=\dimen169
)
("C:\Program Files (x86)\MiKTeX 2.9\tex\generic\circuitikz\pgfcirc.defines.tex"
\pgf@circ@res@up=\dimen170
\pgf@circ@res@down=\dimen171
\pgf@circ@res@zero=\dimen172
\pgf@circ@res@left=\dimen173
\pgf@circ@res@right=\dimen174
\pgf@circ@res@other=\dimen175
\pgf@circ@res@step=\dimen176
\pgf@circ@res@temp=\dimen177
\pgfstartlinewidth=\dimen178
\pgf@circ@Rlen=\dimen179
) ("C:\Program Files (x86)\MiKTeX 2.9\tex\generic\circuitikz\pgfcircutils.tex")
("C:\Program Files (x86)\MiKTeX 2.9\tex\generic\circuitikz\pgfcircshapes.tex")
("C:\Program Files (x86)\MiKTeX 2.9\tex\generic\circuitikz\pgfcircmonopoles.tex
") ("C:\Program Files (x86)\MiKTeX 2.9\tex\generic\circuitikz\pgfcircbipoles.te
x")
("C:\Program Files (x86)\MiKTeX 2.9\tex\generic\circuitikz\pgfcirctripoles.tex"
)
("C:\Program Files (x86)\MiKTeX 2.9\tex\generic\circuitikz\pgfcircquadpoles.tex
") ("C:\Program Files (x86)\MiKTeX 2.9\tex\generic\circuitikz\pgfcirclabel.tex"
) ("C:\Program Files (x86)\MiKTeX 2.9\tex\generic\circuitikz\pgfcircvoltage.tex
") ("C:\Program Files (x86)\MiKTeX 2.9\tex\generic\circuitikz\pgfcirccurrent.te
x") ("C:\Program Files (x86)\MiKTeX 2.9\tex\generic\circuitikz\pgfcircflow.tex"
) ("C:\Program Files (x86)\MiKTeX 2.9\tex\generic\circuitikz\pgfcircpath.tex"))
("C:\Program Files (x86)\MiKTeX 2.9\tex\latex\tikz-timing\tikz-timing.sty"
Package: tikz-timing 2017/12/20 v0.7f Digital Timing Diagrams using TikZ

("C:\Program Files (x86)\MiKTeX 2.9\tex\generic\pgf\frontendlayer\tikz\librarie
s\tikzlibrarybackgrounds.code.tex"
File: tikzlibrarybackgrounds.code.tex 2013/07/18 v3.0.1a (rcs-revision 1.3)
\pgf@layerbox@background=\box41
\pgf@layerboxsaved@background=\box42
)
("C:\Program Files (x86)\MiKTeX 2.9\tex\generic\pgf\frontendlayer\tikz\librarie
s\tikzlibrarydecorations.pathmorphing.code.tex"
("C:\Program Files (x86)\MiKTeX 2.9\tex\generic\pgf\frontendlayer\tikz\librarie
s\tikzlibrarydecorations.code.tex"
("C:\Program Files (x86)\MiKTeX 2.9\tex\generic\pgf\modules\pgfmoduledecoration
s.code.tex"
\pgfdecoratedcompleteddistance=\dimen180
\pgfdecoratedremainingdistance=\dimen181
\pgfdecoratedinputsegmentcompleteddistance=\dimen182
\pgfdecoratedinputsegmentremainingdistance=\dimen183
\pgf@decorate@distancetomove=\dimen184
\pgf@decorate@repeatstate=\count125
\pgfdecorationsegmentamplitude=\dimen185
\pgfdecorationsegmentlength=\dimen186
)
\tikz@lib@dec@box=\box43
)
("C:\Program Files (x86)\MiKTeX 2.9\tex\generic\pgf\libraries\decorations\pgfli
brarydecorations.pathmorphing.code.tex"))
\tikztiming@numint=\count126
\tikztiming@numfrac=\count127
\tikztiming@xunit=\skip46
\tikztiming@yunit=\skip47
\tikztiming@debug=\count128
\c@tikztiming@nrows=\count129
\c@tikztimingrows=\count130
\c@tikztimingtrans=\count131
\c@tikztimingtranspos=\count132
)
("C:\Program Files (x86)\MiKTeX 2.9\tex\latex\tikz-timing\tikz-timing-clockarro
ws.sty"
Package: tikz-timing-clockarrows 2017/12/20 v0.7f tikz-timing library for timin
g clock arrows
 ("C:\Program Files (x86)\MiKTeX 2.9\tex\latex\pgfopts\pgfopts.sty"
Package: pgfopts 2014/07/10 v2.1a LaTeX package options with pgfkeys
\pgfopts@list@add@a@toks=\toks38
\pgfopts@list@add@b@toks=\toks39
))
("C:\Program Files (x86)\MiKTeX 2.9\tex\latex\pgfplots\pgfplots.sty"
("C:\Program Files (x86)\MiKTeX 2.9\tex\generic\pgfplots\pgfplots.revision.tex"
)
Package: pgfplots 2017/06/05 v1.15 Data Visualization (1.15)
 ("C:\Program Files (x86)\MiKTeX 2.9\tex\generic\pgfplots\pgfplots.code.tex"
("C:\Program Files (x86)\MiKTeX 2.9\tex\generic\pgfplots\pgfplotscore.code.tex"
\t@pgfplots@toka=\toks40
\t@pgfplots@tokb=\toks41
\t@pgfplots@tokc=\toks42
\pgfplots@tmpa=\dimen187
\c@pgfplots@coordindex=\count133
\c@pgfplots@scanlineindex=\count134

("C:\Program Files (x86)\MiKTeX 2.9\tex\generic\pgfplots\sys\pgfplotssysgeneric
.code.tex"))
("C:\Program Files (x86)\MiKTeX 2.9\tex\generic\pgfplots\libs\pgfplotslibrary.c
ode.tex")
("C:\Program Files (x86)\MiKTeX 2.9\tex\generic\pgfplots\oldpgfcompatib\pgfplot
soldpgfsupp_loader.code.tex"
("C:\Program Files (x86)\MiKTeX 2.9\tex\generic\pgf\libraries\pgflibraryfpu.cod
e.tex")
Package pgfplots: loading complementary arithmetics for your pgf version...

("C:\Program Files (x86)\MiKTeX 2.9\tex\generic\pgfplots\oldpgfcompatib\pgfplot
soldpgfsupp_pgflibraryfpu.code.tex")
("C:\Program Files (x86)\MiKTeX 2.9\tex\generic\pgfplots\oldpgfcompatib\pgfplot
soldpgfsupp_pgfmathfloat.code.tex"
\c@pgfmathroundto@lastzeros=\count135
))
("C:\Program Files (x86)\MiKTeX 2.9\tex\generic\pgfplots\util\pgfplotsutil.code
.tex"
("C:\Program Files (x86)\MiKTeX 2.9\tex\generic\pgfplots\liststructure\pgfplots
liststructure.code.tex")
("C:\Program Files (x86)\MiKTeX 2.9\tex\generic\pgfplots\liststructure\pgfplots
liststructureext.code.tex")
("C:\Program Files (x86)\MiKTeX 2.9\tex\generic\pgfplots\liststructure\pgfplots
array.code.tex"
\c@pgfplotsarray@tmp=\count136
)
("C:\Program Files (x86)\MiKTeX 2.9\tex\generic\pgfplots\liststructure\pgfplots
matrix.code.tex")
("C:\Program Files (x86)\MiKTeX 2.9\tex\generic\pgfplots\numtable\pgfplotstable
shared.code.tex"
\c@pgfplotstable@counta=\count137
\t@pgfplotstable@a=\toks43
)
("C:\Program Files (x86)\MiKTeX 2.9\tex\generic\pgfplots\liststructure\pgfplots
deque.code.tex")
("C:\Program Files (x86)\MiKTeX 2.9\tex\generic\pgfplots\util\pgfplotsbinary.co
de.tex"
("C:\Program Files (x86)\MiKTeX 2.9\tex\generic\pgfplots\util\pgfplotsbinary.da
ta.code.tex"))
("C:\Program Files (x86)\MiKTeX 2.9\tex\generic\pgfplots\util\pgfplotsutil.verb
.code.tex")
("C:\Program Files (x86)\MiKTeX 2.9\tex\generic\pgfplots\libs\pgflibrarypgfplot
s.surfshading.code.tex"
\c@pgfplotslibrarysurf@no=\count138

("C:\Program Files (x86)\MiKTeX 2.9\tex\generic\pgfplots\sys\pgflibrarypgfplots
.surfshading.pgfsys-pdftex.def")))
("C:\Program Files (x86)\MiKTeX 2.9\tex\generic\pgfplots\util\pgfplotscolormap.
code.tex"
("C:\Program Files (x86)\MiKTeX 2.9\tex\generic\pgfplots\util\pgfplotscolor.cod
e.tex"))
("C:\Program Files (x86)\MiKTeX 2.9\tex\generic\pgfplots\pgfplotsstackedplots.c
ode.tex")
("C:\Program Files (x86)\MiKTeX 2.9\tex\generic\pgfplots\pgfplotsplothandlers.c
ode.tex"
("C:\Program Files (x86)\MiKTeX 2.9\tex\generic\pgfplots\pgfplotsmeshplothandle
r.code.tex"
("C:\Program Files (x86)\MiKTeX 2.9\tex\generic\pgfplots\pgfplotsmeshplotimage.
code.tex")))
("C:\Program Files (x86)\MiKTeX 2.9\tex\generic\pgfplots\pgfplots.scaling.code.
tex")
("C:\Program Files (x86)\MiKTeX 2.9\tex\generic\pgfplots\pgfplotscoordprocessin
g.code.tex")
("C:\Program Files (x86)\MiKTeX 2.9\tex\generic\pgfplots\pgfplots.errorbars.cod
e.tex")
("C:\Program Files (x86)\MiKTeX 2.9\tex\generic\pgfplots\pgfplots.markers.code.
tex")
("C:\Program Files (x86)\MiKTeX 2.9\tex\generic\pgfplots\pgfplotsticks.code.tex
")
("C:\Program Files (x86)\MiKTeX 2.9\tex\generic\pgfplots\pgfplots.paths.code.te
x")
("C:\Program Files (x86)\MiKTeX 2.9\tex\generic\pgf\frontendlayer\tikz\librarie
s\tikzlibrarydecorations.pathreplacing.code.tex"
("C:\Program Files (x86)\MiKTeX 2.9\tex\generic\pgf\libraries\decorations\pgfli
brarydecorations.pathreplacing.code.tex"))
\pgfplots@numplots=\count139
\pgfplots@xmin@reg=\dimen188
\pgfplots@xmax@reg=\dimen189
\pgfplots@ymin@reg=\dimen190
\pgfplots@ymax@reg=\dimen191
\pgfplots@zmin@reg=\dimen192
\pgfplots@zmax@reg=\dimen193
)
("C:\Program Files (x86)\MiKTeX 2.9\tex\generic\pgf\frontendlayer\tikz\librarie
s\tikzlibraryplotmarks.code.tex"
File: tikzlibraryplotmarks.code.tex 2008/01/09 v3.0.1a (rcs-revision 1.1)

("C:\Program Files (x86)\MiKTeX 2.9\tex\generic\pgf\libraries\pgflibraryplotmar
ks.code.tex"
File: pgflibraryplotmarks.code.tex 2015/08/03 v3.0.1a (rcs-revision 1.14)
)))
("C:\Program Files (x86)\MiKTeX 2.9\tex\generic\pgf\frontendlayer\tikz\librarie
s\tikzlibrarymatrix.code.tex"
File: tikzlibrarymatrix.code.tex 2013/07/12 v3.0.1a (rcs-revision 1.4)
)
("C:\Program Files (x86)\MiKTeX 2.9\tex\latex\listings\listings.sty"
\lst@mode=\count140
\lst@gtempboxa=\box44
\lst@token=\toks44
\lst@length=\count141
\lst@currlwidth=\dimen194
\lst@column=\count142
\lst@pos=\count143
\lst@lostspace=\dimen195
\lst@width=\dimen196
\lst@newlines=\count144
\lst@lineno=\count145
\lst@maxwidth=\dimen197

("C:\Program Files (x86)\MiKTeX 2.9\tex\latex\listings\lstmisc.sty"
File: lstmisc.sty 2015/06/04 1.6 (Carsten Heinz)
\c@lstnumber=\count146
\lst@skipnumbers=\count147
\lst@framebox=\box45
)
("C:\Program Files (x86)\MiKTeX 2.9\tex\latex\listings\listings.cfg"
File: listings.cfg 2015/06/04 1.6 listings configuration
))
Package: listings 2015/06/04 1.6 (Carsten Heinz)

<<<<<<< HEAD
("C:\Program Files (x86)\MiKTeX 2.9\tex\latex\pdfpages\pdfpages.sty"
Package: pdfpages 2017/08/14 v0.5k Insert pages of external PDF documents (AM)
=======
(/usr/local/texlive/2017/texmf-dist/tex/latex/adjustbox/adjustbox.sty
Package: adjustbox 2012/05/21 v1.0 Adjusting TeX boxes (trim, clip, ...)

(/usr/local/texlive/2017/texmf-dist/tex/latex/xkeyval/xkeyval.sty
Package: xkeyval 2014/12/03 v2.7a package option processing (HA)

(/usr/local/texlive/2017/texmf-dist/tex/generic/xkeyval/xkeyval.tex
(/usr/local/texlive/2017/texmf-dist/tex/generic/xkeyval/xkvutils.tex
\XKV@toks=\toks45
\XKV@tempa@toks=\toks46
)
\XKV@depth=\count148
File: xkeyval.tex 2014/12/03 v2.7a key=value parser (HA)
))
(/usr/local/texlive/2017/texmf-dist/tex/latex/adjustbox/adjcalc.sty
Package: adjcalc 2012/05/16 v1.1 Provides advanced setlength with multiple back
-ends (calc, etex, pgfmath)
)
(/usr/local/texlive/2017/texmf-dist/tex/latex/adjustbox/trimclip.sty
Package: trimclip 2012/05/16 v1.0 Trim and clip general TeX material

(/usr/local/texlive/2017/texmf-dist/tex/latex/collectbox/collectbox.sty
Package: collectbox 2012/05/17 v0.4b Collect macro arguments as boxes
\collectedbox=\box46
)
\tc@llx=\dimen198
\tc@lly=\dimen199
\tc@urx=\dimen256
\tc@ury=\dimen257
Package trimclip Info: Using driver 'tc-pdftex.def'.

(/usr/local/texlive/2017/texmf-dist/tex/latex/adjustbox/tc-pdftex.def
File: tc-pdftex.def 2012/05/13 v1.0 Clipping driver for pdftex
))
\adjbox@Width=\dimen258
\adjbox@Height=\dimen259
\adjbox@Depth=\dimen260
\adjbox@Totalheight=\dimen261

(/usr/local/texlive/2017/texmf-dist/tex/latex/ifoddpage/ifoddpage.sty
Package: ifoddpage 2016/04/23 v1.1 Conditionals for odd/even page detection
\c@checkoddpage=\count149
)
(/usr/local/texlive/2017/texmf-dist/tex/latex/varwidth/varwidth.sty
Package: varwidth 2009/03/30 ver 0.92;  Variable-width minipages
\@vwid@box=\box47
\sift@deathcycles=\count150
\@vwid@loff=\dimen262
\@vwid@roff=\dimen263
))
(/usr/local/texlive/2017/texmf-dist/tex/latex/wrapfig/wrapfig.sty
\wrapoverhang=\dimen264
\WF@size=\dimen265
\c@WF@wrappedlines=\count151
\WF@box=\box48
\WF@everypar=\toks47
Package: wrapfig 2003/01/31  v 3.6
)
(/usr/local/texlive/2017/texmf-dist/tex/latex/lipsum/lipsum.sty
Package: lipsum 2014/07/27 v1.3 150 paragraphs of Lorem Ipsum dummy text
\c@lips@count=\count152
)
(/usr/local/texlive/2017/texmf-dist/tex/latex/booktabs/booktabs.sty
Package: booktabs 2016/04/27 v1.618033 publication quality tables
\heavyrulewidth=\dimen266
\lightrulewidth=\dimen267
\cmidrulewidth=\dimen268
\belowrulesep=\dimen269
\belowbottomsep=\dimen270
\aboverulesep=\dimen271
\abovetopsep=\dimen272
\cmidrulesep=\dimen273
\cmidrulekern=\dimen274
\defaultaddspace=\dimen275
\@cmidla=\count153
\@cmidlb=\count154
\@aboverulesep=\dimen276
\@belowrulesep=\dimen277
\@thisruleclass=\count155
\@lastruleclass=\count156
\@thisrulewidth=\dimen278
)
(/usr/local/texlive/2017/texmf-dist/tex/latex/caption/caption.sty
Package: caption 2016/02/21 v3.3-144 Customizing captions (AR)

(/usr/local/texlive/2017/texmf-dist/tex/latex/caption/caption3.sty
Package: caption3 2016/05/22 v1.7-166 caption3 kernel (AR)
Package caption3 Info: TeX engine: e-TeX on input line 67.
\captionmargin=\dimen279
\captionmargin@=\dimen280
\captionwidth=\dimen281
\caption@tempdima=\dimen282
\caption@indent=\dimen283
\caption@parindent=\dimen284
\caption@hangindent=\dimen285
)
\c@ContinuedFloat=\count157
Package caption Info: float package is loaded.
Package caption Info: listings package is loaded.
Package caption Info: wrapfig package is loaded.
)
(/usr/local/texlive/2017/texmf-dist/tex/latex/pdfpages/pdfpages.sty
Package: pdfpages 2017/01/14 v0.5h Insert pages of external PDF documents (AM)
>>>>>>> 207c71880f437d3b96a33d4b945778a0a970357d

("C:\Program Files (x86)\MiKTeX 2.9\tex\latex\base\ifthen.sty"
Package: ifthen 2014/09/29 v1.1c Standard LaTeX ifthen package (DPC)
)
("C:\Program Files (x86)\MiKTeX 2.9\tex\latex\tools\calc.sty"
Package: calc 2014/10/28 v4.3 Infix arithmetic (KKT,FJ)
\calc@Acount=\count158
\calc@Bcount=\count159
\calc@Adimen=\dimen286
\calc@Bdimen=\dimen287
\calc@Askip=\skip48
\calc@Bskip=\skip49
LaTeX Info: Redefining \setlength on input line 80.
LaTeX Info: Redefining \addtolength on input line 81.
\calc@Ccount=\count160
\calc@Cskip=\skip50
)
("C:\Program Files (x86)\MiKTeX 2.9\tex\latex\eso-pic\eso-pic.sty"
Package: eso-pic 2015/07/21 v2.0g eso-pic (RN)

("C:\Program Files (x86)\MiKTeX 2.9\tex\generic\oberdiek\atbegshi.sty"
Package: atbegshi 2016/06/09 v1.18 At begin shipout hook (HO)
))
\AM@pagewidth=\dimen288
\AM@pageheight=\dimen289

("C:\Program Files (x86)\MiKTeX 2.9\tex\latex\pdfpages\pppdftex.def"
File: pppdftex.def 2017/08/14 v0.5k Pdfpages driver for pdfTeX (AM)
)
\AM@pagebox=\box49
\AM@global@opts=\toks48
\AM@toc@title=\toks49
\c@AM@survey=\count161
\AM@templatesizebox=\box50
)
("C:\Program Files (x86)\MiKTeX 2.9\tex\latex\graphics\lscape.sty"
Package: lscape 2000/10/22 v3.01 Landscape Pages (DPC)
)
("C:\Program Files (x86)\MiKTeX 2.9\tex\latex\tools\multicol.sty"
Package: multicol 2017/04/11 v1.8q multicolumn formatting (FMi)
\c@tracingmulticols=\count162
\mult@box=\box51
\multicol@leftmargin=\dimen290
\c@unbalance=\count163
\c@collectmore=\count164
\doublecol@number=\count165
\multicoltolerance=\count166
\multicolpretolerance=\count167
\full@width=\dimen291
\page@free=\dimen292
\premulticols=\dimen293
\postmulticols=\dimen294
\multicolsep=\skip51
\multicolbaselineskip=\skip52
\partial@page=\box52
\last@line=\box53
\maxbalancingoverflow=\dimen295
\mult@rightbox=\box54
\mult@grightbox=\box55
\mult@gfirstbox=\box56
\mult@firstbox=\box57
\@tempa=\box58
\@tempa=\box59
\@tempa=\box60
\@tempa=\box61
\@tempa=\box62
\@tempa=\box63
\@tempa=\box64
\@tempa=\box65
\@tempa=\box66
\@tempa=\box67
\@tempa=\box68
\@tempa=\box69
\@tempa=\box70
\@tempa=\box71
<<<<<<< HEAD
\c@columnbadness=\count158
\c@finalcolumnbadness=\count159
\last@try=\dimen264
\multicolovershoot=\dimen265
\multicolundershoot=\dimen266
\mult@nat@firstbox=\box72
\colbreak@box=\box73
\mc@col@check@num=\count160
)
("C:\Program Files (x86)\MiKTeX 2.9\tex\latex\wrapfig\wrapfig.sty"
\wrapoverhang=\dimen267
\WF@size=\dimen268
\c@WF@wrappedlines=\count161
\WF@box=\box74
\WF@everypar=\toks47
Package: wrapfig 2003/01/31  v 3.6
)
(karnaugh_def.tex) (main.aux (caratula.aux)
=======
\@tempa=\box72
\@tempa=\box73
\@tempa=\box74
\c@columnbadness=\count168
\c@finalcolumnbadness=\count169
\last@try=\dimen296
\multicolovershoot=\dimen297
\multicolundershoot=\dimen298
\mult@nat@firstbox=\box75
\colbreak@box=\box76
\mc@col@check@num=\count170
)
(./karnaugh_def.tex) (./main.aux
>>>>>>> 207c71880f437d3b96a33d4b945778a0a970357d
LaTeX Info: Redefining \. on input line 7.
LaTeX Info: Redefining \% on input line 7.
 (./caratula.aux))
\openout1 = `main.aux'.

LaTeX Font Info:    Checking defaults for OML/cmm/m/it on input line 34.
LaTeX Font Info:    ... okay on input line 34.
LaTeX Font Info:    Checking defaults for T1/cmr/m/n on input line 34.
LaTeX Font Info:    ... okay on input line 34.
LaTeX Font Info:    Checking defaults for OT1/cmr/m/n on input line 34.
LaTeX Font Info:    ... okay on input line 34.
LaTeX Font Info:    Checking defaults for OMS/cmsy/m/n on input line 34.
LaTeX Font Info:    ... okay on input line 34.
LaTeX Font Info:    Checking defaults for OMX/cmex/m/n on input line 34.
LaTeX Font Info:    ... okay on input line 34.
LaTeX Font Info:    Checking defaults for U/cmr/m/n on input line 34.
LaTeX Font Info:    ... okay on input line 34.
LaTeX Info: Redefining \. on input line 34.
LaTeX Info: Redefining \% on input line 34.

("C:\Program Files (x86)\MiKTeX 2.9\tex\context\base\supp-pdf.mkii"
[Loading MPS to PDF converter (version 2006.09.02).]
<<<<<<< HEAD
\scratchcounter=\count162
\scratchdimen=\dimen269
\scratchbox=\box75
\nofMPsegments=\count163
\nofMParguments=\count164
\everyMPshowfont=\toks48
\MPscratchCnt=\count165
\MPscratchDim=\dimen270
\MPnumerator=\count166
\makeMPintoPDFobject=\count167
\everyMPtoPDFconversion=\toks49
) ("C:\Program Files (x86)\MiKTeX 2.9\tex\generic\oberdiek\pdftexcmds.sty"
=======
\scratchcounter=\count171
\scratchdimen=\dimen299
\scratchbox=\box77
\nofMPsegments=\count172
\nofMParguments=\count173
\everyMPshowfont=\toks50
\MPscratchCnt=\count174
\MPscratchDim=\dimen300
\MPnumerator=\count175
\makeMPintoPDFobject=\count176
\everyMPtoPDFconversion=\toks51
) (/usr/local/texlive/2017/texmf-dist/tex/generic/oberdiek/pdftexcmds.sty
>>>>>>> 207c71880f437d3b96a33d4b945778a0a970357d
Package: pdftexcmds 2017/03/19 v0.25 Utility functions of pdfTeX for LuaTeX (HO
)

("C:\Program Files (x86)\MiKTeX 2.9\tex\generic\oberdiek\ifluatex.sty"
Package: ifluatex 2016/05/16 v1.4 Provides the ifluatex switch (HO)
Package ifluatex Info: LuaTeX not detected.
)
Package pdftexcmds Info: LuaTeX not detected.
Package pdftexcmds Info: \pdf@primitive is available.
Package pdftexcmds Info: \pdf@ifprimitive is available.
Package pdftexcmds Info: \pdfdraftmode found.
)
("C:\Program Files (x86)\MiKTeX 2.9\tex\latex\oberdiek\epstopdf-base.sty"
Package: epstopdf-base 2016/05/15 v2.6 Base part for package epstopdf

("C:\Program Files (x86)\MiKTeX 2.9\tex\latex\oberdiek\grfext.sty"
Package: grfext 2016/05/16 v1.2 Manage graphics extensions (HO)

("C:\Program Files (x86)\MiKTeX 2.9\tex\generic\oberdiek\kvdefinekeys.sty"
Package: kvdefinekeys 2016/05/16 v1.4 Define keys (HO)
))
("C:\Program Files (x86)\MiKTeX 2.9\tex\latex\oberdiek\kvoptions.sty"
Package: kvoptions 2016/05/16 v3.12 Key value format for package options (HO)

("C:\Program Files (x86)\MiKTeX 2.9\tex\generic\oberdiek\kvsetkeys.sty"
Package: kvsetkeys 2016/05/16 v1.17 Key value parser (HO)

("C:\Program Files (x86)\MiKTeX 2.9\tex\generic\oberdiek\etexcmds.sty"
Package: etexcmds 2016/05/16 v1.6 Avoid name clashes with e-TeX commands (HO)
Package etexcmds Info: Could not find \expanded.
(etexcmds)             That can mean that you are not using pdfTeX 1.50 or
(etexcmds)             that some package has redefined \expanded.
(etexcmds)             In the latter case, load this package earlier.
)))
Package epstopdf-base Info: Redefining graphics rule for `.eps' on input line 4
38.
Package grfext Info: Graphics extension search list:
(grfext)             [.png,.pdf,.jpg,.mps,.jpeg,.jbig2,.jb2,.PNG,.PDF,.JPG,.JPE
G,.JBIG2,.JB2,.eps]
(grfext)             \AppendGraphicsExtensions on input line 456.
)
*geometry* driver: auto-detecting
*geometry* detected driver: pdftex
*geometry* verbose mode - [ preamble ] result:
* driver: pdftex
* paper: a4paper
* layout: <same size as paper>
* layoutoffset:(h,v)=(0.0pt,0.0pt)
* modes: 
* h-part:(L,W,R)=(56.9055pt, 483.69687pt, 56.9055pt)
* v-part:(T,H,B)=(56.9055pt, 731.23584pt, 56.9055pt)
* \paperwidth=597.50787pt
* \paperheight=845.04684pt
* \textwidth=483.69687pt
* \textheight=731.23584pt
* \oddsidemargin=-15.36449pt
* \evensidemargin=-15.36449pt
* \topmargin=-52.36449pt
* \headheight=12.0pt
* \headsep=25.0pt
* \topskip=10.0pt
* \footskip=30.0pt
* \marginparwidth=57.0pt
* \marginparsep=11.0pt
* \columnsep=10.0pt
* \skip\footins=9.0pt plus 4.0pt minus 2.0pt
* \hoffset=0.0pt
* \voffset=0.0pt
* \mag=1000
* \@twocolumnfalse
* \@twosidefalse
* \@mparswitchfalse
* \@reversemarginfalse
* (1in=72.27pt=25.4mm, 1cm=28.453pt)

ABD: EveryShipout initializing macros
<<<<<<< HEAD
Package pgfplots notification 'compat/show suggested version=true': document ha
s been generated with the most recent feature set (\pgfplotsset{compat=1.15}).

\c@lstlisting=\count168
\AtBeginShipoutBox=\box76
("C:\Program Files (x86)\MiKTeX 2.9\tex\latex\oberdiek\pdflscape.sty"
=======

Package pgfplots Warning: running in backwards compatibility mode (unsuitable t
ick labels; missing features). Consider writing \pgfplotsset{compat=1.14} into 
your preamble.
 on input line 34.

\c@lstlisting=\count177
Package caption Info: Begin \AtBeginDocument code.
Package caption Info: End \AtBeginDocument code.
\AtBeginShipoutBox=\box78
(/usr/local/texlive/2017/texmf-dist/tex/latex/oberdiek/pdflscape.sty
>>>>>>> 207c71880f437d3b96a33d4b945778a0a970357d
Package: pdflscape 2016/05/14 v0.11 Display of landscape pages in PDF (HO)
Package pdflscape Info: Auto-detected driver: pdftex on input line 81.
)
\openout2 = `caratula.aux'.


(caratula.tex
LaTeX Font Info:    Try loading font information for U+msa on input line 20.
 ("C:\Program Files (x86)\MiKTeX 2.9\tex\latex\amsfonts\umsa.fd"
File: umsa.fd 2013/01/14 v3.01 AMS symbols A
)
LaTeX Font Info:    Try loading font information for U+msb on input line 20.

("C:\Program Files (x86)\MiKTeX 2.9\tex\latex\amsfonts\umsb.fd"
File: umsb.fd 2013/01/14 v3.01 AMS symbols B
) [1


{C:/Users/lisan/AppData/Local/MiKTeX/2.9/pdftex/config/pdftex.map}])
(ejercicio1/ejercicio1.tex
<ejercicio1/circuitos.png, id=12, 501.875pt x 319.1925pt>
File: ejercicio1/circuitos.png Graphic file (type png)

<use ejercicio1/circuitos.png>
Package pdftex.def Info: ejercicio1/circuitos.png used on input line 10.
(pdftex.def)             Requested size: 241.84843pt x 153.81946pt.
 [1

 <./ejercicio1/circuitos.png>]
<ejercicio1/scope_x_Punto1_NPN.png, id=20, 1027.84pt x 825.0825pt>
File: ejercicio1/scope_x_Punto1_NPN.png Graphic file (type png)

<use ejercicio1/scope_x_Punto1_NPN.png>
Package pdftex.def Info: ejercicio1/scope_x_Punto1_NPN.png used on input line 5
7.
(pdftex.def)             Requested size: 193.47578pt x 155.30688pt.

<ejercicio1/scope_y_Punto1_NPN.png, id=21, 1027.84pt x 825.0825pt>
File: ejercicio1/scope_y_Punto1_NPN.png Graphic file (type png)

<use ejercicio1/scope_y_Punto1_NPN.png>
Package pdftex.def Info: ejercicio1/scope_y_Punto1_NPN.png used on input line 6
3.
(pdftex.def)             Requested size: 193.47578pt x 155.30688pt.

<<<<<<< HEAD
<ejercicio1/scope_x_Punto1_PNP.png, id=22, 1027.84pt x 825.0825pt>
=======
Overfull \vbox (75.79173pt too high) has occurred while \output is active []


Overfull \vbox (75.79173pt too high) has occurred while \output is active []


[1

 <./ejercicio1/circuitos.png> <./ejercicio1/scope_x_Punto1_NPN.png (PNG copy)>]
 <ejercicio1/scope_x_Punto1_PNP.png, id=24, 1027.84pt x 825.0825pt>
>>>>>>> 207c71880f437d3b96a33d4b945778a0a970357d
File: ejercicio1/scope_x_Punto1_PNP.png Graphic file (type png)

<use ejercicio1/scope_x_Punto1_PNP.png>
Package pdftex.def Info: ejercicio1/scope_x_Punto1_PNP.png used on input line 6
9.
(pdftex.def)             Requested size: 193.47578pt x 155.30688pt.

<<<<<<< HEAD
<ejercicio1/scope_y_Punto1_PNP.png, id=23, 1027.84pt x 825.0825pt>
=======
<ejercicio1/scope_y_Punto1_PNP.png, id=25, 1027.84pt x 825.0825pt>
>>>>>>> 207c71880f437d3b96a33d4b945778a0a970357d
File: ejercicio1/scope_y_Punto1_PNP.png Graphic file (type png)

<use ejercicio1/scope_y_Punto1_PNP.png>
Package pdftex.def Info: ejercicio1/scope_y_Punto1_PNP.png used on input line 7
5.
(pdftex.def)             Requested size: 193.47578pt x 155.30688pt.

<<<<<<< HEAD
<ejercicio1/pHL-NPN.png, id=24, 1027.84pt x 825.0825pt>
=======
<ejercicio1/pHL-NPN.png, id=26, 1027.84pt x 825.0825pt>
>>>>>>> 207c71880f437d3b96a33d4b945778a0a970357d
File: ejercicio1/pHL-NPN.png Graphic file (type png)

<use ejercicio1/pHL-NPN.png>
Package pdftex.def Info: ejercicio1/pHL-NPN.png used on input line 81.
(pdftex.def)             Requested size: 193.47578pt x 155.30688pt.

<<<<<<< HEAD
<ejercicio1/pLH-NPN.png, id=25, 1027.84pt x 825.0825pt>
=======
<ejercicio1/pLH-NPN.png, id=27, 1027.84pt x 825.0825pt>
>>>>>>> 207c71880f437d3b96a33d4b945778a0a970357d
File: ejercicio1/pLH-NPN.png Graphic file (type png)

<use ejercicio1/pLH-NPN.png>
Package pdftex.def Info: ejercicio1/pLH-NPN.png used on input line 87.
(pdftex.def)             Requested size: 193.47578pt x 155.30688pt.

<<<<<<< HEAD
<ejercicio1/pHL-PNP.png, id=26, 1027.84pt x 825.0825pt>
=======
<ejercicio1/pHL-PNP.png, id=28, 1027.84pt x 825.0825pt>
>>>>>>> 207c71880f437d3b96a33d4b945778a0a970357d
File: ejercicio1/pHL-PNP.png Graphic file (type png)

<use ejercicio1/pHL-PNP.png>
Package pdftex.def Info: ejercicio1/pHL-PNP.png used on input line 93.
(pdftex.def)             Requested size: 193.47578pt x 155.30688pt.

<<<<<<< HEAD
<ejercicio1/pLH-PNP.png, id=27, 1027.84pt x 825.0825pt>
=======
<ejercicio1/pLH-PNP.png, id=29, 1027.84pt x 825.0825pt>
>>>>>>> 207c71880f437d3b96a33d4b945778a0a970357d
File: ejercicio1/pLH-PNP.png Graphic file (type png)

<use ejercicio1/pLH-PNP.png>
Package pdftex.def Info: ejercicio1/pLH-PNP.png used on input line 99.
(pdftex.def)             Requested size: 193.47578pt x 155.30688pt.
<<<<<<< HEAD
 [2 <./ejercicio1/scope_x_Punto1_NPN.png (PNG copy)> <./ejercicio1/scope_y_Punt
o1_NPN.png (PNG copy)> <./ejercicio1/scope_x_Punto1_PNP.png (PNG copy)> <./ejer
cicio1/scope_y_Punto1_PNP.png (PNG copy)> <./ejercicio1/pHL-NPN.png (PNG copy)>
 <./ejercicio1/pLH-NPN.png (PNG copy)>]
<ejercicio1/tHL-NPN.png, id=31, 1027.84pt x 825.0825pt>
=======

<ejercicio1/tHL-NPN.png, id=30, 1027.84pt x 825.0825pt>
>>>>>>> 207c71880f437d3b96a33d4b945778a0a970357d
File: ejercicio1/tHL-NPN.png Graphic file (type png)

<use ejercicio1/tHL-NPN.png>
Package pdftex.def Info: ejercicio1/tHL-NPN.png used on input line 105.
(pdftex.def)             Requested size: 193.47578pt x 155.30688pt.

<<<<<<< HEAD
<ejercicio1/tLH-NPN.png, id=32, 1027.84pt x 825.0825pt>
=======
<ejercicio1/tLH-NPN.png, id=31, 1027.84pt x 825.0825pt>
>>>>>>> 207c71880f437d3b96a33d4b945778a0a970357d
File: ejercicio1/tLH-NPN.png Graphic file (type png)

<use ejercicio1/tLH-NPN.png>
Package pdftex.def Info: ejercicio1/tLH-NPN.png used on input line 111.
(pdftex.def)             Requested size: 193.47578pt x 155.30688pt.
<<<<<<< HEAD

<ejercicio1/tHL-PNP.png, id=33, 1027.84pt x 825.0825pt>
=======
 [2 <./ejercicio1/scope_y_Punto1_NPN.png (PNG copy)> <./ejercicio1/scope_x_Punt
o1_PNP.png (PNG copy)> <./ejercicio1/scope_y_Punto1_PNP.png (PNG copy)> <./ejer
cicio1/pHL-NPN.png (PNG copy)> <./ejercicio1/pLH-NPN.png (PNG copy)> <./ejercic
io1/pHL-PNP.png (PNG copy)> <./ejercicio1/pLH-PNP.png (PNG copy)> <./ejercicio1
/tHL-NPN.png (PNG copy)>]
<ejercicio1/tHL-PNP.png, id=35, 1027.84pt x 825.0825pt>
>>>>>>> 207c71880f437d3b96a33d4b945778a0a970357d
File: ejercicio1/tHL-PNP.png Graphic file (type png)

<use ejercicio1/tHL-PNP.png>
Package pdftex.def Info: ejercicio1/tHL-PNP.png used on input line 117.
(pdftex.def)             Requested size: 193.47578pt x 155.30688pt.

<<<<<<< HEAD
<ejercicio1/tLH-PNP.png, id=34, 1027.84pt x 825.0825pt>
=======
<ejercicio1/tLH-PNP.png, id=36, 1027.84pt x 825.0825pt>
>>>>>>> 207c71880f437d3b96a33d4b945778a0a970357d
File: ejercicio1/tLH-PNP.png Graphic file (type png)

<use ejercicio1/tLH-PNP.png>
Package pdftex.def Info: ejercicio1/tLH-PNP.png used on input line 123.
(pdftex.def)             Requested size: 193.47578pt x 155.30688pt.

<<<<<<< HEAD
<ejercicio1/maxI-NPN.png, id=35, 1027.84pt x 825.0825pt>
=======
<ejercicio1/maxI-NPN.png, id=37, 1027.84pt x 825.0825pt>
>>>>>>> 207c71880f437d3b96a33d4b945778a0a970357d
File: ejercicio1/maxI-NPN.png Graphic file (type png)

<use ejercicio1/maxI-NPN.png>
Package pdftex.def Info: ejercicio1/maxI-NPN.png used on input line 129.
(pdftex.def)             Requested size: 193.47578pt x 155.30688pt.

<<<<<<< HEAD
<ejercicio1/maxI-PNP.png, id=36, 1027.84pt x 825.0825pt>
=======
<ejercicio1/maxI-PNP.png, id=38, 1027.84pt x 825.0825pt>
>>>>>>> 207c71880f437d3b96a33d4b945778a0a970357d
File: ejercicio1/maxI-PNP.png Graphic file (type png)

<use ejercicio1/maxI-PNP.png>
Package pdftex.def Info: ejercicio1/maxI-PNP.png used on input line 135.
(pdftex.def)             Requested size: 193.47578pt x 155.30688pt.
<<<<<<< HEAD
 [3 <./ejercicio1/pHL-PNP.png (PNG copy)> <./ejercicio1/pLH-PNP.png (PNG copy)>
 <./ejercicio1/tHL-NPN.png (PNG copy)> <./ejercicio1/tLH-NPN.png (PNG copy)> <.
/ejercicio1/tHL-PNP.png (PNG copy)> <./ejercicio1/tLH-PNP.png (PNG copy)>]) (ej
ercicio2/ejercicio2.tex
<ejercicio2/HC-LS.png, id=40, 745.78625pt x 379.4175pt>
=======
) (./ejercicio2/ejercicio2.tex [3 <./ejercicio1/tLH-NPN.png (PNG copy)> <./ejer
cicio1/tHL-PNP.png (PNG copy)> <./ejercicio1/tLH-PNP.png (PNG copy)> <./ejercic
io1/maxI-NPN.png (PNG copy)> <./ejercicio1/maxI-PNP.png (PNG copy)>] <ejercicio
2/HC-LS.png, id=42, 745.78625pt x 379.4175pt>
>>>>>>> 207c71880f437d3b96a33d4b945778a0a970357d
File: ejercicio2/HC-LS.png Graphic file (type png)

<use ejercicio2/HC-LS.png>
Package pdftex.def Info: ejercicio2/HC-LS.png used on input line 26.
(pdftex.def)             Requested size: 170.71652pt x 86.84734pt.

<<<<<<< HEAD
<ejercicio2/LS-HC.png, id=42, 747.79375pt x 374.39874pt>
=======
<ejercicio2/LS-HC.png, id=44, 747.79375pt x 374.39874pt>
>>>>>>> 207c71880f437d3b96a33d4b945778a0a970357d
File: ejercicio2/LS-HC.png Graphic file (type png)

<use ejercicio2/LS-HC.png>
Package pdftex.def Info: ejercicio2/LS-HC.png used on input line 32.
(pdftex.def)             Requested size: 170.71652pt x 85.47005pt.

<<<<<<< HEAD
<ejercicio2/HCT-LS.png, id=43, 746.79pt x 372.39125pt>
=======
<ejercicio2/HCT-LS.png, id=45, 746.79pt x 372.39125pt>
>>>>>>> 207c71880f437d3b96a33d4b945778a0a970357d
File: ejercicio2/HCT-LS.png Graphic file (type png)

<use ejercicio2/HCT-LS.png>
Package pdftex.def Info: ejercicio2/HCT-LS.png used on input line 44.
(pdftex.def)             Requested size: 170.71652pt x 85.12541pt.

<<<<<<< HEAD
<ejercicio2/LS-HCT.png, id=44, 763.85374pt x 371.3875pt>
=======
<ejercicio2/LS-HCT.png, id=46, 763.85374pt x 371.3875pt>
>>>>>>> 207c71880f437d3b96a33d4b945778a0a970357d
File: ejercicio2/LS-HCT.png Graphic file (type png)

<use ejercicio2/LS-HCT.png>
Package pdftex.def Info: ejercicio2/LS-HCT.png used on input line 50.
(pdftex.def)             Requested size: 170.71652pt x 83.00322pt.
<<<<<<< HEAD
 [4 <./ejercicio1/maxI-NPN.png (PNG copy)> <./ejercicio1/maxI-PNP.png (PNG copy
)> <./ejercicio2/HC-LS.png> <./ejercicio2/LS-HC.png>]
=======

>>>>>>> 207c71880f437d3b96a33d4b945778a0a970357d
Underfull \hbox (badness 10000) in paragraph at lines 58--60

 []


Underfull \hbox (badness 10000) in paragraph at lines 61--63

 []

<<<<<<< HEAD
<ejercicio2/OSC_LS_HC.png, id=50, 1027.84pt x 825.0825pt>
=======
[4 <./ejercicio2/HC-LS.png> <./ejercicio2/LS-HC.png> <./ejercicio2/HCT-LS.png> 
<./ejercicio2/LS-HCT.png>]
<ejercicio2/OSC_LS_HC.png, id=54, 1027.84pt x 825.0825pt>
>>>>>>> 207c71880f437d3b96a33d4b945778a0a970357d
File: ejercicio2/OSC_LS_HC.png Graphic file (type png)

<use ejercicio2/OSC_LS_HC.png>
Package pdftex.def Info: ejercicio2/OSC_LS_HC.png used on input line 72.
(pdftex.def)             Requested size: 170.71652pt x 137.0392pt.

<<<<<<< HEAD
<ejercicio2/OSC_HC_LS.png, id=51, 1027.84pt x 825.0825pt>
=======
<ejercicio2/OSC_HC_LS.png, id=55, 1027.84pt x 825.0825pt>
>>>>>>> 207c71880f437d3b96a33d4b945778a0a970357d
File: ejercicio2/OSC_HC_LS.png Graphic file (type png)

<use ejercicio2/OSC_HC_LS.png>
Package pdftex.def Info: ejercicio2/OSC_HC_LS.png used on input line 78.
(pdftex.def)             Requested size: 170.71652pt x 137.0392pt.

<<<<<<< HEAD
<ejercicio2/OSC_AMBAS.png, id=52, 1027.84pt x 825.0825pt>
=======
<ejercicio2/OSC_AMBAS.png, id=56, 1027.84pt x 825.0825pt>
>>>>>>> 207c71880f437d3b96a33d4b945778a0a970357d
File: ejercicio2/OSC_AMBAS.png Graphic file (type png)

<use ejercicio2/OSC_AMBAS.png>
Package pdftex.def Info: ejercicio2/OSC_AMBAS.png used on input line 87.
(pdftex.def)             Requested size: 227.62204pt x 182.71474pt.
<<<<<<< HEAD
) (ejercicio3/ejercicio3.tex [5 <./ejercicio2/HCT-LS.png> <./ejercicio2/LS-HCT.
png> <./ejercicio2/OSC_LS_HC.png (PNG copy)> <./ejercicio2/OSC_HC_LS.png (PNG c
opy)>] (ejercicio3/circuito.tex) [6 <./ejercicio2/OSC_AMBAS.png (PNG copy)>]
("C:\Program Files (x86)\MiKTeX 2.9\tex\latex\listings\lstlang1.sty"
=======
) (./ejercicio3/ejercicio3.tex [5 <./ejercicio2/OSC_LS_HC.png (PNG copy)> <./ej
ercicio2/OSC_HC_LS.png (PNG copy)> <./ejercicio2/OSC_AMBAS.png (PNG copy)>] (./
ejercicio3/circuito.tex)
(/usr/local/texlive/2017/texmf-dist/tex/latex/listings/lstlang1.sty
>>>>>>> 207c71880f437d3b96a33d4b945778a0a970357d
File: lstlang1.sty 2015/06/04 1.6 listings language file
)
("C:\Program Files (x86)\MiKTeX 2.9\tex\latex\listings\lstmisc.sty"
File: lstmisc.sty 2015/06/04 1.6 (Carsten Heinz)
)
(ejercicio3/codigo.ino
LaTeX Font Info:    Try loading font information for OMS+cmr on input line 4.

("C:\Program Files (x86)\MiKTeX 2.9\tex\latex\base\omscmr.fd"
File: omscmr.fd 2014/09/29 v2.5h Standard LaTeX font definitions
)
LaTeX Font Info:    Font shape `OMS/cmr/m/n' in size <10> not available
(Font)              Font shape `OMS/cmsy/m/n' tried instead on input line 4.
<<<<<<< HEAD
)
<ejercicio3/imagenes/riple.png, id=62, 1027.84pt x 825.0825pt>
=======
 [6])
<ejercicio3/imagenes/riple.png, id=65, 1027.84pt x 825.0825pt>
>>>>>>> 207c71880f437d3b96a33d4b945778a0a970357d
File: ejercicio3/imagenes/riple.png Graphic file (type png)

<use ejercicio3/imagenes/riple.png>
Package pdftex.def Info: ejercicio3/imagenes/riple.png used on input line 56.
(pdftex.def)             Requested size: 308.35437pt x 247.52666pt.
<<<<<<< HEAD
 [7]
<ejercicio3/imagenes/tdown.png, id=67, 1027.84pt x 825.0825pt>
=======

<ejercicio3/imagenes/tdown.png, id=66, 1027.84pt x 825.0825pt>
>>>>>>> 207c71880f437d3b96a33d4b945778a0a970357d
File: ejercicio3/imagenes/tdown.png Graphic file (type png)

<use ejercicio3/imagenes/tdown.png>
Package pdftex.def Info: ejercicio3/imagenes/tdown.png used on input line 65.
(pdftex.def)             Requested size: 308.35437pt x 247.52666pt.
<<<<<<< HEAD
) (ejercicio4/ejercicio4.tex
(ejercicio4/circuito1.tex) [8 <./ejercicio3/imagenes/riple.png (PNG copy)> <./e
jercicio3/imagenes/tdown.png (PNG copy)>]
<imagenes/sin_capacitor.png, id=71, 1027.84pt x 825.0825pt>
=======
) (./ejercicio4/ejercicio4.tex [7 <./ejercicio3/imagenes/riple.png (PNG copy)>]
 (./ejercicio4/circuito1.tex) [8 <./ejercicio3/imagenes/tdown.png (PNG copy)>]
<imagenes/sin_capacitor.png, id=73, 1027.84pt x 825.0825pt>
>>>>>>> 207c71880f437d3b96a33d4b945778a0a970357d
File: imagenes/sin_capacitor.png Graphic file (type png)

<use imagenes/sin_capacitor.png>
Package pdftex.def Info: imagenes/sin_capacitor.png used on input line 44.
(pdftex.def)             Requested size: 205.56436pt x 165.01357pt.
<<<<<<< HEAD
 [9 <./imagenes/sin_capacitor.png (PNG copy)>]
<imagenes/con_capacitor.png, id=75, 1027.84pt x 825.0825pt>
=======

<imagenes/con_capacitor.png, id=74, 1027.84pt x 825.0825pt>
>>>>>>> 207c71880f437d3b96a33d4b945778a0a970357d
File: imagenes/con_capacitor.png Graphic file (type png)

<use imagenes/con_capacitor.png>
Package pdftex.def Info: imagenes/con_capacitor.png used on input line 53.
(pdftex.def)             Requested size: 205.56436pt x 165.01357pt.
<<<<<<< HEAD
) (ejercicio5/ejercicio5.tex
<ejercicio5/E3_CirEj5.jpg, id=76, 371.88937pt x 228.25275pt>
=======
) (./ejercicio5/ejercicio5.tex

./ejercicio5/ejercicio5.tex:1: Package inputenc Error: Unicode char  (U+FEFF
)
(inputenc)                not set up for use with LaTeX.

See the inputenc package documentation for explanation.
Type  H <return>  for immediate help.
 ...                                              
                                                  
l.1 
       
Your command was ignored.
Type  I <command> <return>  to replace it with another command,
or  <return>  to continue without it.

<ejercicio5/E3_CirEj5.jpg, id=75, 371.88937pt x 228.25275pt>
>>>>>>> 207c71880f437d3b96a33d4b945778a0a970357d
File: ejercicio5/E3_CirEj5.jpg Graphic file (type jpg)

<use ejercicio5/E3_CirEj5.jpg>
Package pdftex.def Info: ejercicio5/E3_CirEj5.jpg used on input line 6.
(pdftex.def)             Requested size: 227.62204pt x 139.71112pt.
<<<<<<< HEAD

<ejercicio5/PullUp.jpg, id=77, 246.9225pt x 205.76875pt>
=======
 [9 <./imagenes/sin_capacitor.png (PNG copy)> <./imagenes/con_capacitor.png (PN
G copy)>]
<ejercicio5/PullUp.jpg, id=79, 246.9225pt x 205.76875pt>
>>>>>>> 207c71880f437d3b96a33d4b945778a0a970357d
File: ejercicio5/PullUp.jpg Graphic file (type jpg)

<use ejercicio5/PullUp.jpg>
Package pdftex.def Info: ejercicio5/PullUp.jpg used on input line 15.
(pdftex.def)             Requested size: 142.26378pt x 118.55157pt.
<<<<<<< HEAD
) (ejercicio6/ejercicio6.tex [10 <./imagenes/con_capacitor.png (PNG copy)> <./e
jercicio5/E3_CirEj5.jpg>]
(ejercicio6/circuito_sr.tex)
<ejercicio6/sr_1.png, id=82, 1027.84pt x 825.0825pt>
=======
) (./ejercicio6/ejercicio6.tex
(./ejercicio6/circuito_sr.tex) [10 <./ejercicio5/E3_CirEj5.jpg> <./ejercicio5/P
ullUp.jpg>] <ejercicio6/sr_1.png, id=86, 1027.84pt x 825.0825pt>
>>>>>>> 207c71880f437d3b96a33d4b945778a0a970357d
File: ejercicio6/sr_1.png Graphic file (type png)

<use ejercicio6/sr_1.png>
Package pdftex.def Info: ejercicio6/sr_1.png used on input line 34.
(pdftex.def)             Requested size: 256.95937pt x 206.27011pt.
<<<<<<< HEAD

[11 <./ejercicio5/PullUp.jpg>] (ejercicio6/circuito_d.tex)
(ejercicio6/circuito_ffd.tex) [12 <./ejercicio6/sr_1.png (PNG copy)>])
(ejercicio7/ejercicio7.tex
<ejercicio7/imagenes/asynccircuito.png, id=92, 347.49825pt x 173.448pt>
=======
 [11 <./ejercicio6/sr_1.png (PNG copy)>]
(./ejercicio6/circuito_d.tex) (./ejercicio6/circuito_ffd.tex))
(./ejercicio7/ejercicio7.tex

./ejercicio7/ejercicio7.tex:1: Package inputenc Error: Unicode char  (U+FEFF
)
(inputenc)                not set up for use with LaTeX.

See the inputenc package documentation for explanation.
Type  H <return>  for immediate help.
 ...                                              
                                                  
l.1 
       %Lo hecho con imagenes es temporal, tal vez provisiempre
Your command was ignored.
Type  I <command> <return>  to replace it with another command,
or  <return>  to continue without it.

[12] <ejercicio7/imagenes/asynccircuito.png, id=94, 347.49825pt x 173.448pt>
>>>>>>> 207c71880f437d3b96a33d4b945778a0a970357d
File: ejercicio7/imagenes/asynccircuito.png Graphic file (type png)

<use ejercicio7/imagenes/asynccircuito.png>
Package pdftex.def Info: ejercicio7/imagenes/asynccircuito.png used on input li
ne 19.
(pdftex.def)             Requested size: 173.74869pt x 86.72379pt.

<<<<<<< HEAD
<ejercicio7/imagenes/asyncaltium.png, id=93, 445.665pt x 432.11438pt>
=======
<ejercicio7/imagenes/asyncaltium.png, id=95, 445.665pt x 432.11438pt>
>>>>>>> 207c71880f437d3b96a33d4b945778a0a970357d
File: ejercicio7/imagenes/asyncaltium.png Graphic file (type png)

<use ejercicio7/imagenes/asyncaltium.png>
Package pdftex.def Info: ejercicio7/imagenes/asyncaltium.png used on input line
 26.
(pdftex.def)             Requested size: 111.41597pt x 108.02832pt.
<<<<<<< HEAD
 [13]
<ejercicio7/imagenes/timepropagation.png, id=97, 770.88pt x 578.16pt>
=======

<ejercicio7/imagenes/timepropagation.png, id=96, 770.88pt x 578.16pt>
>>>>>>> 207c71880f437d3b96a33d4b945778a0a970357d
File: ejercicio7/imagenes/timepropagation.png Graphic file (type png)

<use ejercicio7/imagenes/timepropagation.png>
Package pdftex.def Info: ejercicio7/imagenes/timepropagation.png used on input 
line 59.
(pdftex.def)             Requested size: 192.71953pt x 144.53964pt.

Overfull \hbox (7.77663pt too wide) in paragraph at lines 59--60
 [] 
 []

<<<<<<< HEAD
<ejercicio7/imagenes/async.png, id=98, 770.88pt x 578.91281pt>
=======
<ejercicio7/imagenes/async.png, id=97, 770.88pt x 578.91281pt>
>>>>>>> 207c71880f437d3b96a33d4b945778a0a970357d
File: ejercicio7/imagenes/async.png Graphic file (type png)

<use ejercicio7/imagenes/async.png>
Package pdftex.def Info: ejercicio7/imagenes/async.png used on input line 93.
(pdftex.def)             Requested size: 154.17326pt x 115.7805pt.

<<<<<<< HEAD
<ejercicio7/imagenes/async2.png, id=99, 770.88pt x 577.40718pt>
=======
<ejercicio7/imagenes/async2.png, id=98, 770.88pt x 577.40718pt>
>>>>>>> 207c71880f437d3b96a33d4b945778a0a970357d
File: ejercicio7/imagenes/async2.png Graphic file (type png)

<use ejercicio7/imagenes/async2.png>
Package pdftex.def Info: ejercicio7/imagenes/async2.png used on input line 100.

(pdftex.def)             Requested size: 154.17326pt x 115.47939pt.

<<<<<<< HEAD
<ejercicio7/imagenes/async3.png, id=100, 770.88pt x 577.40718pt>
=======
<ejercicio7/imagenes/async3.png, id=99, 770.88pt x 577.40718pt>
>>>>>>> 207c71880f437d3b96a33d4b945778a0a970357d
File: ejercicio7/imagenes/async3.png Graphic file (type png)

<use ejercicio7/imagenes/async3.png>
Package pdftex.def Info: ejercicio7/imagenes/async3.png used on input line 107.

(pdftex.def)             Requested size: 154.17326pt x 115.47939pt.

<<<<<<< HEAD
<ejercicio7/imagenes/async4.png, id=101, 770.88pt x 578.16pt>
=======
<ejercicio7/imagenes/async4.png, id=100, 770.88pt x 578.16pt>
>>>>>>> 207c71880f437d3b96a33d4b945778a0a970357d
File: ejercicio7/imagenes/async4.png Graphic file (type png)

<use ejercicio7/imagenes/async4.png>
Package pdftex.def Info: ejercicio7/imagenes/async4.png used on input line 114.

(pdftex.def)             Requested size: 154.17326pt x 115.62994pt.
 [13 <./ejercicio7/imagenes/asynccircuito.png> <./ejercicio7/imagenes/asyncalti
um.png> <./ejercicio7/imagenes/timepropagation.png>] <ejercicio7/imagenes/sync2
<<<<<<< HEAD
5.png, id=108, 1013.7875pt x 770.88pt>
=======
5.png, id=107, 1013.7875pt x 770.88pt>
>>>>>>> 207c71880f437d3b96a33d4b945778a0a970357d
File: ejercicio7/imagenes/sync25.png Graphic file (type png)

<use ejercicio7/imagenes/sync25.png>
Package pdftex.def Info: ejercicio7/imagenes/sync25.png used on input line 148.

(pdftex.def)             Requested size: 152.06157pt x 115.627pt.

<<<<<<< HEAD
<ejercicio7/imagenes/sync24.png, id=109, 1027.84pt x 771.88374pt>
=======
<ejercicio7/imagenes/sync24.png, id=108, 1027.84pt x 771.88374pt>
>>>>>>> 207c71880f437d3b96a33d4b945778a0a970357d
File: ejercicio7/imagenes/sync24.png Graphic file (type png)

<use ejercicio7/imagenes/sync24.png>
Package pdftex.def Info: ejercicio7/imagenes/sync24.png used on input line 155.

(pdftex.def)             Requested size: 154.16934pt x 115.77756pt.
<<<<<<< HEAD
) (ejercicio8/ejercicio8.tex [15 <./ejercicio7/imagenes/async.png> <./ejercicio
7/imagenes/async2.png> <./ejercicio7/imagenes/async3.png> <./ejercicio7/imagene
s/async4.png> <./ejercicio7/imagenes/sync25.png> <./ejercicio7/imagenes/sync24.
png>] (ejercicio8/circuito1.tex)
(ejercicio8/escalon_trigger2.tex) [16] (ejercicio8/circuito2.tex)
(ejercicio8/and_trigger.tex) (ejercicio8/555_astable.tex) [17]
(ejercicio8/and_contador.tex) [18]

pdfTeX warning: pdflatex (file ./ejercicio8/Esquematico.pdf): PDF inclusion: fo
und PDF version <1.7>, but at most version <1.5> allowed
<ejercicio8/Esquematico.pdf, id=133, 845.07724pt x 597.55246pt>
=======
) (./ejercicio8/ejercicio8.tex [14 <./ejercicio7/imagenes/async.png> <./ejercic
io7/imagenes/async2.png> <./ejercicio7/imagenes/async3.png> <./ejercicio7/image
nes/async4.png> <./ejercicio7/imagenes/sync25.png> <./ejercicio7/imagenes/sync2
4.png>] (./ejercicio8/circuito1.tex)
(./ejercicio8/escalon_trigger2.tex) (./ejercicio8/circuito2.tex) [15]
(./ejercicio8/and_trigger.tex) (./ejercicio8/555_astable.tex) [16]
(./ejercicio8/and_contador.tex) [17]

pdfTeX warning: pdflatex (file ./ejercicio8/Esquematico.pdf): PDF inclusion: fo
und PDF version <1.7>, but at most version <1.5> allowed
<ejercicio8/Esquematico.pdf, id=132, 845.07724pt x 597.55246pt>
>>>>>>> 207c71880f437d3b96a33d4b945778a0a970357d
File: ejercicio8/Esquematico.pdf Graphic file (type pdf)

<use ejercicio8/Esquematico.pdf>
Package pdftex.def Info: ejercicio8/Esquematico.pdf used on input line 130.
(pdftex.def)             Requested size: 845.07518pt x 597.551pt.


pdfTeX warning: pdflatex (file ./ejercicio8/Esquematico.pdf): PDF inclusion: fo
und PDF version <1.7>, but at most version <1.5> allowed
File: ejercicio8/Esquematico.pdf Graphic file (type pdf)
<use ejercicio8/Esquematico.pdf>
Package pdftex.def Info: ejercicio8/Esquematico.pdf used on input line 130.
(pdftex.def)             Requested size: 845.07518pt x 597.551pt.


pdfTeX warning: pdflatex (file ./ejercicio8/Esquematico.pdf): PDF inclusion: fo
und PDF version <1.7>, but at most version <1.5> allowed


pdfTeX warning: pdflatex (file ./ejercicio8/Esquematico.pdf): PDF inclusion: fo
und PDF version <1.7>, but at most version <1.5> allowed
<<<<<<< HEAD
<ejercicio8/Esquematico.pdf, id=136, page=1, 845.07724pt x 597.55246pt>
=======
<ejercicio8/Esquematico.pdf, id=135, page=1, 845.07724pt x 597.55246pt>
>>>>>>> 207c71880f437d3b96a33d4b945778a0a970357d
File: ejercicio8/Esquematico.pdf Graphic file (type pdf)

<use ejercicio8/Esquematico.pdf, page 1>
Package pdftex.def Info: ejercicio8/Esquematico.pdf, page1 used on input line 1
30.
(pdftex.def)             Requested size: 845.07518pt x 597.551pt.
File: ejercicio8/Esquematico.pdf Graphic file (type pdf)

<use ejercicio8/Esquematico.pdf, page 1>
Package pdftex.def Info: ejercicio8/Esquematico.pdf, page1 used on input line 1
30.
(pdftex.def)             Requested size: 845.11386pt x 597.57834pt.
 [18]
File: ejercicio8/Esquematico.pdf Graphic file (type pdf)

<use ejercicio8/Esquematico.pdf, page 1>
Package pdftex.def Info: ejercicio8/Esquematico.pdf, page1 used on input line 1
30.
(pdftex.def)             Requested size: 845.11386pt x 597.57834pt.
File: ejercicio8/Esquematico.pdf Graphic file (type pdf)

<use ejercicio8/Esquematico.pdf, page 1>
Package pdftex.def Info: ejercicio8/Esquematico.pdf, page1 used on input line 1
30.
(pdftex.def)             Requested size: 845.11386pt x 597.57834pt.
File: ejercicio8/Esquematico.pdf Graphic file (type pdf)

<use ejercicio8/Esquematico.pdf, page 1>
Package pdftex.def Info: ejercicio8/Esquematico.pdf, page1 used on input line 1
30.
(pdftex.def)             Requested size: 845.11386pt x 597.57834pt.
 [19 <./ejercicio8/Esquematico.pdf>]

pdfTeX warning: pdflatex (file ./ejercicio8/Impreso.pdf): PDF inclusion: found 
PDF version <1.7>, but at most version <1.5> allowed
<ejercicio8/Impreso.pdf, id=168, 845.07724pt x 597.55246pt>
File: ejercicio8/Impreso.pdf Graphic file (type pdf)

<use ejercicio8/Impreso.pdf>
Package pdftex.def Info: ejercicio8/Impreso.pdf used on input line 131.
(pdftex.def)             Requested size: 845.07518pt x 597.551pt.


pdfTeX warning: pdflatex (file ./ejercicio8/Impreso.pdf): PDF inclusion: found 
PDF version <1.7>, but at most version <1.5> allowed
File: ejercicio8/Impreso.pdf Graphic file (type pdf)
<use ejercicio8/Impreso.pdf>
Package pdftex.def Info: ejercicio8/Impreso.pdf used on input line 131.
(pdftex.def)             Requested size: 845.07518pt x 597.551pt.


pdfTeX warning: pdflatex (file ./ejercicio8/Impreso.pdf): PDF inclusion: found 
PDF version <1.7>, but at most version <1.5> allowed


pdfTeX warning: pdflatex (file ./ejercicio8/Impreso.pdf): PDF inclusion: found 
PDF version <1.7>, but at most version <1.5> allowed
<ejercicio8/Impreso.pdf, id=171, page=1, 845.07724pt x 597.55246pt>
File: ejercicio8/Impreso.pdf Graphic file (type pdf)

<use ejercicio8/Impreso.pdf, page 1>
Package pdftex.def Info: ejercicio8/Impreso.pdf, page1 used on input line 131.
(pdftex.def)             Requested size: 845.07518pt x 597.551pt.
File: ejercicio8/Impreso.pdf Graphic file (type pdf)
 <use ejercicio8/Impreso.pdf, page 1>
Package pdftex.def Info: ejercicio8/Impreso.pdf, page1 used on input line 131.
(pdftex.def)             Requested size: 845.11386pt x 597.57834pt.
File: ejercicio8/Impreso.pdf Graphic file (type pdf)

<use ejercicio8/Impreso.pdf, page 1>
Package pdftex.def Info: ejercicio8/Impreso.pdf, page1 used on input line 131.
(pdftex.def)             Requested size: 845.11386pt x 597.57834pt.
File: ejercicio8/Impreso.pdf Graphic file (type pdf)
 <use ejercicio8/Impreso.pdf, page 1>
Package pdftex.def Info: ejercicio8/Impreso.pdf, page1 used on input line 131.
(pdftex.def)             Requested size: 845.11386pt x 597.57834pt.
File: ejercicio8/Impreso.pdf Graphic file (type pdf)

<use ejercicio8/Impreso.pdf, page 1>
Package pdftex.def Info: ejercicio8/Impreso.pdf, page1 used on input line 131.
(pdftex.def)             Requested size: 845.11386pt x 597.57834pt.
<<<<<<< HEAD
 [21 <./ejercicio8/Impreso.pdf>]) (main.aux (caratula.aux)
LaTeX Info: Redefining \. on input line 7.
LaTeX Info: Redefining \% on input line 7.
) ) 
Here is how much of TeX's memory you used:
 38082 strings out of 493328
 956588 string characters out of 3136537
 1256751 words of memory out of 3000000
 40956 multiletter control sequences out of 15000+200000
 9660 words of font info for 36 fonts, out of 3000000 for 9000
 1141 hyphenation exceptions out of 8191
 69i,18n,119p,1474b,1944s stack positions out of 5000i,500n,10000p,200000b,50000s
<C:/Program Files (x86)/MiKTeX 2.9/fonts/type1/public/amsfonts/cm/cmbx10.pfb
><C:/Program Files (x86)/MiKTeX 2.9/fonts/type1/public/amsfonts/cm/cmbx12.pfb><
C:/Program Files (x86)/MiKTeX 2.9/fonts/type1/public/amsfonts/cm/cmcsc10.pfb><C
:/Program Files (x86)/MiKTeX 2.9/fonts/type1/public/amsfonts/cm/cmex10.pfb><C:/
Program Files (x86)/MiKTeX 2.9/fonts/type1/public/amsfonts/cm/cmmi10.pfb><C:/Pr
ogram Files (x86)/MiKTeX 2.9/fonts/type1/public/amsfonts/cm/cmmi5.pfb><C:/Progr
am Files (x86)/MiKTeX 2.9/fonts/type1/public/amsfonts/cm/cmmi7.pfb><C:/Program 
Files (x86)/MiKTeX 2.9/fonts/type1/public/amsfonts/cm/cmr10.pfb><C:/Program Fil
es (x86)/MiKTeX 2.9/fonts/type1/public/amsfonts/cm/cmr12.pfb><C:/Program Files 
(x86)/MiKTeX 2.9/fonts/type1/public/amsfonts/cm/cmr7.pfb><C:/Program Files (x86
)/MiKTeX 2.9/fonts/type1/public/amsfonts/cm/cmss10.pfb><C:/Program Files (x86)/
MiKTeX 2.9/fonts/type1/public/amsfonts/cm/cmss8.pfb><C:/Program Files (x86)/MiK
TeX 2.9/fonts/type1/public/amsfonts/cm/cmsy10.pfb><C:/Program Files (x86)/MiKTe
X 2.9/fonts/type1/public/amsfonts/cm/cmti10.pfb><C:/Program Files (x86)/MiKTeX 
2.9/fonts/type1/public/amsfonts/cm/cmti12.pfb>
Output written on main.pdf (22 pages, 2720778 bytes).
PDF statistics:
 223 PDF objects out of 1000 (max. 8388607)
=======
 [20 <./ejercicio8/Impreso.pdf>])
(./main.aux (./caratula.aux)
LaTeX Info: Redefining \. on input line 8.
LaTeX Info: Redefining \% on input line 8.
)

LaTeX Warning: Label(s) may have changed. Rerun to get cross-references right.

 ) 
Here is how much of TeX's memory you used:
 39748 strings out of 492995
 978170 string characters out of 6132704
 1371539 words of memory out of 5000000
 42587 multiletter control sequences out of 15000+600000
 12762 words of font info for 48 fonts, out of 8000000 for 9000
 1141 hyphenation exceptions out of 8191
 62i,18n,100p,1472b,1965s stack positions out of 5000i,500n,10000p,200000b,80000s
</usr/local/texlive/2017/texmf-dist/fonts/type1/public/amsfonts/cm/cmbx10.pfb
></usr/local/texlive/2017/texmf-dist/fonts/type1/public/amsfonts/cm/cmbx12.pfb>
</usr/local/texlive/2017/texmf-dist/fonts/type1/public/amsfonts/cm/cmcsc10.pfb>
</usr/local/texlive/2017/texmf-dist/fonts/type1/public/amsfonts/cm/cmex10.pfb><
/usr/local/texlive/2017/texmf-dist/fonts/type1/public/amsfonts/cm/cmmi10.pfb></
usr/local/texlive/2017/texmf-dist/fonts/type1/public/amsfonts/cm/cmmi5.pfb></us
r/local/texlive/2017/texmf-dist/fonts/type1/public/amsfonts/cm/cmmi7.pfb></usr/
local/texlive/2017/texmf-dist/fonts/type1/public/amsfonts/cm/cmmi9.pfb></usr/lo
cal/texlive/2017/texmf-dist/fonts/type1/public/amsfonts/cm/cmr10.pfb></usr/loca
l/texlive/2017/texmf-dist/fonts/type1/public/amsfonts/cm/cmr12.pfb></usr/local/
texlive/2017/texmf-dist/fonts/type1/public/amsfonts/cm/cmr7.pfb></usr/local/tex
live/2017/texmf-dist/fonts/type1/public/amsfonts/cm/cmr9.pfb></usr/local/texliv
e/2017/texmf-dist/fonts/type1/public/amsfonts/cm/cmss10.pfb></usr/local/texlive
/2017/texmf-dist/fonts/type1/public/amsfonts/cm/cmss8.pfb></usr/local/texlive/2
017/texmf-dist/fonts/type1/public/amsfonts/cm/cmsy10.pfb></usr/local/texlive/20
17/texmf-dist/fonts/type1/public/amsfonts/cm/cmti10.pfb></usr/local/texlive/201
7/texmf-dist/fonts/type1/public/amsfonts/cm/cmti12.pfb>
Output written on main.pdf (21 pages, 2727474 bytes).
PDF statistics:
 231 PDF objects out of 1000 (max. 8388607)
 118 compressed objects within 2 object streams
>>>>>>> 207c71880f437d3b96a33d4b945778a0a970357d
 0 named destinations out of 1000 (max. 500000)
 243 words of extra memory for PDF output out of 10000 (max. 10000000)

